Assembler report for SystemFPGA
Fri May 15 21:01:33 2020
Quartus Prime Version 18.1.0 Build 625 09/12/2018 SJ Lite Edition


---------------------
; Table of Contents ;
---------------------
  1. Legal Notice
  2. Assembler Summary
  3. Assembler Settings
  4. Assembler Generated Files
  5. Assembler Device Options: X:/src/grpSystem/unitSystemFPGA/synlayResults/SystemFPGA.sof
  6. Assembler Device Options: X:/src/grpSystem/unitSystemFPGA/synlayResults/SystemFPGA.rbf
  7. Assembler Messages



----------------
; Legal Notice ;
----------------
Copyright (C) 2018  Intel Corporation. All rights reserved.
Your use of Intel Corporation's design tools, logic functions 
and other software and tools, and its AMPP partner logic 
functions, and any output files from any of the foregoing 
(including device programming or simulation files), and any 
associated documentation or information are expressly subject 
to the terms and conditions of the Intel Program License 
Subscription Agreement, the Intel Quartus Prime License Agreement,
the Intel FPGA IP License Agreement, or other applicable license
agreement, including, without limitation, that your use is for
the sole purpose of programming logic devices manufactured by
Intel and sold by Intel or its authorized distributors.  Please
refer to the applicable agreement for further details.



+---------------------------------------------------------------+
; Assembler Summary                                             ;
+-----------------------+---------------------------------------+
; Assembler Status      ; Successful - Fri May 15 21:01:33 2020 ;
; Revision Name         ; SystemFPGA                            ;
; Top-level Entity Name ; SystemFPGA                            ;
; Family                ; Cyclone V                             ;
; Device                ; 5CSEMA5F31C6                          ;
+-----------------------+---------------------------------------+


+----------------------------------+
; Assembler Settings               ;
+--------+---------+---------------+
; Option ; Setting ; Default Value ;
+--------+---------+---------------+


+--------------------------------------------------------------+
; Assembler Generated Files                                    ;
+--------------------------------------------------------------+
; File Name                                                    ;
+--------------------------------------------------------------+
; X:/src/grpSystem/unitSystemFPGA/synlayResults/SystemFPGA.sof ;
; X:/src/grpSystem/unitSystemFPGA/synlayResults/SystemFPGA.rbf ;
+--------------------------------------------------------------+


+----------------------------------------------------------------------------------------+
; Assembler Device Options: X:/src/grpSystem/unitSystemFPGA/synlayResults/SystemFPGA.sof ;
+----------------+-----------------------------------------------------------------------+
; Option         ; Setting                                                               ;
+----------------+-----------------------------------------------------------------------+
; JTAG usercode  ; 0x0187D5D9                                                            ;
; Checksum       ; 0x0187D5D9                                                            ;
+----------------+-----------------------------------------------------------------------+


+----------------------------------------------------------------------------------------+
; Assembler Device Options: X:/src/grpSystem/unitSystemFPGA/synlayResults/SystemFPGA.rbf ;
+---------------------+------------------------------------------------------------------+
; Option              ; Setting                                                          ;
+---------------------+------------------------------------------------------------------+
; Raw Binary File     ;                                                                  ;
;  Compression Ratio  ; 3                                                                ;
+---------------------+------------------------------------------------------------------+


+--------------------+
; Assembler Messages ;
+--------------------+
Info: *******************************************************************
Info: Running Quartus Prime Assembler
    Info: Version 18.1.0 Build 625 09/12/2018 SJ Lite Edition
    Info: Processing started: Fri May 15 21:01:21 2020
Info: Command: quartus_asm --read_settings_files=off --write_settings_files=off SystemFPGA -c SystemFPGA
Info (115030): Assembler is generating device programming files
Info: Quartus Prime Assembler was successful. 0 errors, 0 warnings
    Info: Peak virtual memory: 4875 megabytes
    Info: Processing ended: Fri May 15 21:01:33 2020
    Info: Elapsed time: 00:00:12
    Info: Total CPU time (on all processors): 00:00:12


