Partition Merge report for SystemFPGA
Sat May 09 10:14:57 2020
Quartus Prime Version 18.1.0 Build 625 09/12/2018 SJ Lite Edition


---------------------
; Table of Contents ;
---------------------
  1. Legal Notice
  2. Partition Merge Summary
  3. Partition Merge Netlist Types Used
  4. Partition Merge Partition Statistics
  5. Partition Merge Partition Pin Processing
  6. Partition Merge Resource Usage Summary
  7. Partition Merge RAM Summary
  8. Partition Merge Messages



----------------
; Legal Notice ;
----------------
Copyright (C) 2018  Intel Corporation. All rights reserved.
Your use of Intel Corporation's design tools, logic functions 
and other software and tools, and its AMPP partner logic 
functions, and any output files from any of the foregoing 
(including device programming or simulation files), and any 
associated documentation or information are expressly subject 
to the terms and conditions of the Intel Program License 
Subscription Agreement, the Intel Quartus Prime License Agreement,
the Intel FPGA IP License Agreement, or other applicable license
agreement, including, without limitation, that your use is for
the sole purpose of programming logic devices manufactured by
Intel and sold by Intel or its authorized distributors.  Please
refer to the applicable agreement for further details.



+-------------------------------------------------------------------------------+
; Partition Merge Summary                                                       ;
+---------------------------------+---------------------------------------------+
; Partition Merge Status          ; Successful - Sat May 09 10:14:57 2020       ;
; Quartus Prime Version           ; 18.1.0 Build 625 09/12/2018 SJ Lite Edition ;
; Revision Name                   ; SystemFPGA                                  ;
; Top-level Entity Name           ; SystemFPGA                                  ;
; Family                          ; Cyclone V                                   ;
; Logic utilization (in ALMs)     ; N/A                                         ;
; Total registers                 ; 1531                                        ;
; Total pins                      ; 22                                          ;
; Total virtual pins              ; 0                                           ;
; Total block memory bits         ; 2,098,176                                   ;
; Total DSP Blocks                ; 0                                           ;
; Total HSSI RX PCSs              ; 0                                           ;
; Total HSSI PMA RX Deserializers ; 0                                           ;
; Total HSSI TX PCSs              ; 0                                           ;
; Total HSSI PMA TX Serializers   ; 0                                           ;
; Total PLLs                      ; 0                                           ;
; Total DLLs                      ; 0                                           ;
+---------------------------------+---------------------------------------------+


+-------------------------------------------------------------------------------------------------------------------------------+
; Partition Merge Netlist Types Used                                                                                            ;
+--------------------------------+----------------+-------------------+------------------------+--------------------------------+
; Partition Name                 ; Partition Type ; Netlist Type Used ; Netlist Type Requested ; Partition Contents             ;
+--------------------------------+----------------+-------------------+------------------------+--------------------------------+
; Top                            ; User-created   ; Source File       ; Source File            ;                                ;
; sld_hub:auto_hub               ; Auto-generated ; Post-Synthesis    ; Post-Synthesis         ; sld_hub:auto_hub               ;
; hard_block:auto_generated_inst ; Auto-generated ; Source File       ; Source File            ; hard_block:auto_generated_inst ;
+--------------------------------+----------------+-------------------+------------------------+--------------------------------+


+-----------------------------------------------------------------------------------------------------------+
; Partition Merge Partition Statistics                                                                      ;
+---------------------------------------------+---------+------------------+--------------------------------+
; Statistic                                   ; Top     ; sld_hub:auto_hub ; hard_block:auto_generated_inst ;
+---------------------------------------------+---------+------------------+--------------------------------+
; Estimate of Logic utilization (ALMs needed) ; 1366    ; 52               ; 0                              ;
;                                             ;         ;                  ;                                ;
; Combinational ALUT usage for logic          ; 1851    ; 94               ; 0                              ;
;     -- 7 input functions                    ; 588     ; 1                ; 0                              ;
;     -- 6 input functions                    ; 505     ; 21               ; 0                              ;
;     -- 5 input functions                    ; 165     ; 12               ; 0                              ;
;     -- 4 input functions                    ; 220     ; 20               ; 0                              ;
;     -- <=3 input functions                  ; 373     ; 40               ; 0                              ;
; Memory ALUT usage                           ; 0       ; 0                ; 0                              ;
;     -- 64-address deep                      ; 0       ; 0                ; 0                              ;
;     -- 32-address deep                      ; 0       ; 0                ; 0                              ;
;                                             ;         ;                  ;                                ;
; Dedicated logic registers                   ; 1455    ; 76               ; 0                              ;
;                                             ;         ;                  ;                                ;
;                                             ;         ;                  ;                                ;
; I/O pins                                    ; 22      ; 0                ; 0                              ;
; I/O registers                               ; 0       ; 0                ; 0                              ;
; Total block memory bits                     ; 2098176 ; 0                ; 0                              ;
; Total block memory implementation bits      ; 0       ; 0                ; 0                              ;
; JTAG                                        ; 0       ; 0                ; 1                              ;
;                                             ;         ;                  ;                                ;
; Connections                                 ;         ;                  ;                                ;
;     -- Input Connections                    ; 140     ; 110              ; 1                              ;
;     -- Registered Input Connections         ; 86      ; 86               ; 0                              ;
;     -- Output Connections                   ; 2       ; 96               ; 153                            ;
;     -- Registered Output Connections        ; 1       ; 96               ; 0                              ;
;                                             ;         ;                  ;                                ;
; Internal Connections                        ;         ;                  ;                                ;
;     -- Total Connections                    ; 23763   ; 680              ; 162                            ;
;     -- Registered Connections               ; 14491   ; 530              ; 0                              ;
;                                             ;         ;                  ;                                ;
; External Connections                        ;         ;                  ;                                ;
;     -- Top                                  ; 0       ; 96               ; 46                             ;
;     -- sld_hub:auto_hub                     ; 96      ; 2                ; 108                            ;
;     -- hard_block:auto_generated_inst       ; 46      ; 108              ; 0                              ;
;                                             ;         ;                  ;                                ;
; Partition Interface                         ;         ;                  ;                                ;
;     -- Input Ports                          ; 25      ; 36               ; 4                              ;
;     -- Output Ports                         ; 13      ; 53               ; 9                              ;
;     -- Bidir Ports                          ; 0       ; 0                ; 0                              ;
;                                             ;         ;                  ;                                ;
; Registered Ports                            ;         ;                  ;                                ;
;     -- Registered Input Ports               ; 0       ; 4                ; 0                              ;
;     -- Registered Output Ports              ; 0       ; 20               ; 0                              ;
;                                             ;         ;                  ;                                ;
; Port Connectivity                           ;         ;                  ;                                ;
;     -- Input Ports driven by GND            ; 0       ; 1                ; 0                              ;
;     -- Output Ports driven by GND           ; 0       ; 28               ; 0                              ;
;     -- Input Ports driven by VCC            ; 0       ; 0                ; 0                              ;
;     -- Output Ports driven by VCC           ; 0       ; 0                ; 0                              ;
;     -- Input Ports with no Source           ; 0       ; 25               ; 0                              ;
;     -- Output Ports with no Source          ; 0       ; 0                ; 0                              ;
;     -- Input Ports with no Fanout           ; 0       ; 30               ; 0                              ;
;     -- Output Ports with no Fanout          ; 0       ; 43               ; 0                              ;
+---------------------------------------------+---------+------------------+--------------------------------+
Note: Resource usage numbers presented for Partitions containing post-synthesis logic are estimates.  For Partitions containing post-fit logic, resource usage numbers are accurate based on previous placement information.  Actual Fitter results may vary depending on current Fitter Preservation Level assignments.


+---------------------------------------------------------------------------------------------------------------------------------------+
; Partition Merge Partition Pin Processing                                                                                              ;
+----------------------------------------------------------------------------------+-----------+---------------+----------+-------------+
; Name                                                                             ; Partition ; Type          ; Location ; Status      ;
+----------------------------------------------------------------------------------+-----------+---------------+----------+-------------+
; CLOCK_50                                                                         ; Top       ; Input Port    ; n/a      ;             ;
;     -- CLOCK_50                                                                  ; Top       ; Input Pad     ; Unplaced ; Synthesized ;
;     -- CLOCK_50~input                                                            ; Top       ; Input Buffer  ; Unplaced ; Synthesized ;
;                                                                                  ;           ;               ;          ;             ;
; KEY_0                                                                            ; Top       ; Input Port    ; n/a      ;             ;
;     -- KEY_0                                                                     ; Top       ; Input Pad     ; Unplaced ; Synthesized ;
;     -- KEY_0~input                                                               ; Top       ; Input Buffer  ; Unplaced ; Synthesized ;
;                                                                                  ;           ;               ;          ;             ;
; LEDR[0]                                                                          ; Top       ; Output Port   ; n/a      ;             ;
;     -- LEDR[0]                                                                   ; Top       ; Output Pad    ; Unplaced ; Synthesized ;
;     -- LEDR[0]~output                                                            ; Top       ; Output Buffer ; Unplaced ; Synthesized ;
;                                                                                  ;           ;               ;          ;             ;
; LEDR[1]                                                                          ; Top       ; Output Port   ; n/a      ;             ;
;     -- LEDR[1]                                                                   ; Top       ; Output Pad    ; Unplaced ; Synthesized ;
;     -- LEDR[1]~output                                                            ; Top       ; Output Buffer ; Unplaced ; Synthesized ;
;                                                                                  ;           ;               ;          ;             ;
; LEDR[2]                                                                          ; Top       ; Output Port   ; n/a      ;             ;
;     -- LEDR[2]                                                                   ; Top       ; Output Pad    ; Unplaced ; Synthesized ;
;     -- LEDR[2]~output                                                            ; Top       ; Output Buffer ; Unplaced ; Synthesized ;
;                                                                                  ;           ;               ;          ;             ;
; LEDR[3]                                                                          ; Top       ; Output Port   ; n/a      ;             ;
;     -- LEDR[3]                                                                   ; Top       ; Output Pad    ; Unplaced ; Synthesized ;
;     -- LEDR[3]~output                                                            ; Top       ; Output Buffer ; Unplaced ; Synthesized ;
;                                                                                  ;           ;               ;          ;             ;
; LEDR[4]                                                                          ; Top       ; Output Port   ; n/a      ;             ;
;     -- LEDR[4]                                                                   ; Top       ; Output Pad    ; Unplaced ; Synthesized ;
;     -- LEDR[4]~output                                                            ; Top       ; Output Buffer ; Unplaced ; Synthesized ;
;                                                                                  ;           ;               ;          ;             ;
; LEDR[5]                                                                          ; Top       ; Output Port   ; n/a      ;             ;
;     -- LEDR[5]                                                                   ; Top       ; Output Pad    ; Unplaced ; Synthesized ;
;     -- LEDR[5]~output                                                            ; Top       ; Output Buffer ; Unplaced ; Synthesized ;
;                                                                                  ;           ;               ;          ;             ;
; LEDR[6]                                                                          ; Top       ; Output Port   ; n/a      ;             ;
;     -- LEDR[6]                                                                   ; Top       ; Output Pad    ; Unplaced ; Synthesized ;
;     -- LEDR[6]~output                                                            ; Top       ; Output Buffer ; Unplaced ; Synthesized ;
;                                                                                  ;           ;               ;          ;             ;
; LEDR[7]                                                                          ; Top       ; Output Port   ; n/a      ;             ;
;     -- LEDR[7]                                                                   ; Top       ; Output Pad    ; Unplaced ; Synthesized ;
;     -- LEDR[7]~output                                                            ; Top       ; Output Buffer ; Unplaced ; Synthesized ;
;                                                                                  ;           ;               ;          ;             ;
; LEDR[8]                                                                          ; Top       ; Output Port   ; n/a      ;             ;
;     -- LEDR[8]                                                                   ; Top       ; Output Pad    ; Unplaced ; Synthesized ;
;     -- LEDR[8]~output                                                            ; Top       ; Output Buffer ; Unplaced ; Synthesized ;
;                                                                                  ;           ;               ;          ;             ;
; LEDR[9]                                                                          ; Top       ; Output Port   ; n/a      ;             ;
;     -- LEDR[9]                                                                   ; Top       ; Output Pad    ; Unplaced ; Synthesized ;
;     -- LEDR[9]~output                                                            ; Top       ; Output Buffer ; Unplaced ; Synthesized ;
;                                                                                  ;           ;               ;          ;             ;
; SW[0]                                                                            ; Top       ; Input Port    ; n/a      ;             ;
;     -- SW[0]                                                                     ; Top       ; Input Pad     ; Unplaced ; Synthesized ;
;     -- SW[0]~input                                                               ; Top       ; Input Buffer  ; Unplaced ; Synthesized ;
;                                                                                  ;           ;               ;          ;             ;
; SW[1]                                                                            ; Top       ; Input Port    ; n/a      ;             ;
;     -- SW[1]                                                                     ; Top       ; Input Pad     ; Unplaced ; Synthesized ;
;     -- SW[1]~input                                                               ; Top       ; Input Buffer  ; Unplaced ; Synthesized ;
;                                                                                  ;           ;               ;          ;             ;
; SW[2]                                                                            ; Top       ; Input Port    ; n/a      ;             ;
;     -- SW[2]                                                                     ; Top       ; Input Pad     ; Unplaced ; Synthesized ;
;     -- SW[2]~input                                                               ; Top       ; Input Buffer  ; Unplaced ; Synthesized ;
;                                                                                  ;           ;               ;          ;             ;
; SW[3]                                                                            ; Top       ; Input Port    ; n/a      ;             ;
;     -- SW[3]                                                                     ; Top       ; Input Pad     ; Unplaced ; Synthesized ;
;     -- SW[3]~input                                                               ; Top       ; Input Buffer  ; Unplaced ; Synthesized ;
;                                                                                  ;           ;               ;          ;             ;
; SW[4]                                                                            ; Top       ; Input Port    ; n/a      ;             ;
;     -- SW[4]                                                                     ; Top       ; Input Pad     ; Unplaced ; Synthesized ;
;     -- SW[4]~input                                                               ; Top       ; Input Buffer  ; Unplaced ; Synthesized ;
;                                                                                  ;           ;               ;          ;             ;
; SW[5]                                                                            ; Top       ; Input Port    ; n/a      ;             ;
;     -- SW[5]                                                                     ; Top       ; Input Pad     ; Unplaced ; Synthesized ;
;     -- SW[5]~input                                                               ; Top       ; Input Buffer  ; Unplaced ; Synthesized ;
;                                                                                  ;           ;               ;          ;             ;
; SW[6]                                                                            ; Top       ; Input Port    ; n/a      ;             ;
;     -- SW[6]                                                                     ; Top       ; Input Pad     ; Unplaced ; Synthesized ;
;     -- SW[6]~input                                                               ; Top       ; Input Buffer  ; Unplaced ; Synthesized ;
;                                                                                  ;           ;               ;          ;             ;
; SW[7]                                                                            ; Top       ; Input Port    ; n/a      ;             ;
;     -- SW[7]                                                                     ; Top       ; Input Pad     ; Unplaced ; Synthesized ;
;     -- SW[7]~input                                                               ; Top       ; Input Buffer  ; Unplaced ; Synthesized ;
;                                                                                  ;           ;               ;          ;             ;
; SW[8]                                                                            ; Top       ; Input Port    ; n/a      ;             ;
;     -- SW[8]                                                                     ; Top       ; Input Pad     ; Unplaced ; Synthesized ;
;     -- SW[8]~input                                                               ; Top       ; Input Buffer  ; Unplaced ; Synthesized ;
;                                                                                  ;           ;               ;          ;             ;
; SW[9]                                                                            ; Top       ; Input Port    ; n/a      ;             ;
;     -- SW[9]                                                                     ; Top       ; Input Pad     ; Unplaced ; Synthesized ;
;     -- SW[9]~input                                                               ; Top       ; Input Buffer  ; Unplaced ; Synthesized ;
;                                                                                  ;           ;               ;          ;             ;
; altera_reserved_tck                                                              ; Top       ; Input Port    ; n/a      ;             ;
;     -- altera_reserved_tck                                                       ; Top       ; Input Pad     ; Unplaced ; Synthesized ;
;     -- altera_reserved_tck~input                                                 ; Top       ; Input Buffer  ; Unplaced ; Synthesized ;
;                                                                                  ;           ;               ;          ;             ;
; altera_reserved_tdi                                                              ; Top       ; Input Port    ; n/a      ;             ;
;     -- altera_reserved_tdi                                                       ; Top       ; Input Pad     ; Unplaced ; Synthesized ;
;     -- altera_reserved_tdi~input                                                 ; Top       ; Input Buffer  ; Unplaced ; Synthesized ;
;                                                                                  ;           ;               ;          ;             ;
; altera_reserved_tdo                                                              ; Top       ; Output Port   ; n/a      ;             ;
;     -- altera_reserved_tdo                                                       ; Top       ; Output Pad    ; Unplaced ; Synthesized ;
;     -- altera_reserved_tdo~output                                                ; Top       ; Output Buffer ; Unplaced ; Synthesized ;
;                                                                                  ;           ;               ;          ;             ;
; altera_reserved_tms                                                              ; Top       ; Input Port    ; n/a      ;             ;
;     -- altera_reserved_tms                                                       ; Top       ; Input Pad     ; Unplaced ; Synthesized ;
;     -- altera_reserved_tms~input                                                 ; Top       ; Input Buffer  ; Unplaced ; Synthesized ;
;                                                                                  ;           ;               ;          ;             ;
; jtag.bp.u0_jtag_uart_0_riscv_system_jtag_uart_0_alt_jtag_atlantic_clr            ; Top       ; Input Port    ; n/a      ;             ;
;                                                                                  ;           ;               ;          ;             ;
; jtag.bp.u0_jtag_uart_0_riscv_system_jtag_uart_0_alt_jtag_atlantic_ena            ; Top       ; Input Port    ; n/a      ;             ;
;                                                                                  ;           ;               ;          ;             ;
; jtag.bp.u0_jtag_uart_0_riscv_system_jtag_uart_0_alt_jtag_atlantic_ir_in_0_       ; Top       ; Input Port    ; n/a      ;             ;
;                                                                                  ;           ;               ;          ;             ;
; jtag.bp.u0_jtag_uart_0_riscv_system_jtag_uart_0_alt_jtag_atlantic_ir_out_0_      ; Top       ; Output Port   ; n/a      ;             ;
;                                                                                  ;           ;               ;          ;             ;
; jtag.bp.u0_jtag_uart_0_riscv_system_jtag_uart_0_alt_jtag_atlantic_jtag_state_cdr ; Top       ; Input Port    ; n/a      ;             ;
;                                                                                  ;           ;               ;          ;             ;
; jtag.bp.u0_jtag_uart_0_riscv_system_jtag_uart_0_alt_jtag_atlantic_jtag_state_rti ; Top       ; Input Port    ; n/a      ;             ;
;                                                                                  ;           ;               ;          ;             ;
; jtag.bp.u0_jtag_uart_0_riscv_system_jtag_uart_0_alt_jtag_atlantic_jtag_state_sdr ; Top       ; Input Port    ; n/a      ;             ;
;                                                                                  ;           ;               ;          ;             ;
; jtag.bp.u0_jtag_uart_0_riscv_system_jtag_uart_0_alt_jtag_atlantic_jtag_state_udr ; Top       ; Input Port    ; n/a      ;             ;
;                                                                                  ;           ;               ;          ;             ;
; jtag.bp.u0_jtag_uart_0_riscv_system_jtag_uart_0_alt_jtag_atlantic_raw_tck        ; Top       ; Input Port    ; n/a      ;             ;
;                                                                                  ;           ;               ;          ;             ;
; jtag.bp.u0_jtag_uart_0_riscv_system_jtag_uart_0_alt_jtag_atlantic_tdi            ; Top       ; Input Port    ; n/a      ;             ;
;                                                                                  ;           ;               ;          ;             ;
; jtag.bp.u0_jtag_uart_0_riscv_system_jtag_uart_0_alt_jtag_atlantic_tdo            ; Top       ; Output Port   ; n/a      ;             ;
;                                                                                  ;           ;               ;          ;             ;
; jtag.bp.u0_jtag_uart_0_riscv_system_jtag_uart_0_alt_jtag_atlantic_usr1           ; Top       ; Input Port    ; n/a      ;             ;
;                                                                                  ;           ;               ;          ;             ;
+----------------------------------------------------------------------------------+-----------+---------------+----------+-------------+


+--------------------------------------------------------+
; Partition Merge Resource Usage Summary                 ;
+---------------------------------------------+----------+
; Resource                                    ; Usage    ;
+---------------------------------------------+----------+
; Estimate of Logic utilization (ALMs needed) ; 1687     ;
;                                             ;          ;
; Combinational ALUT usage for logic          ; 1945     ;
;     -- 7 input functions                    ; 589      ;
;     -- 6 input functions                    ; 526      ;
;     -- 5 input functions                    ; 177      ;
;     -- 4 input functions                    ; 240      ;
;     -- <=3 input functions                  ; 413      ;
;                                             ;          ;
; Dedicated logic registers                   ; 1531     ;
;                                             ;          ;
; I/O pins                                    ; 22       ;
; Total MLAB memory bits                      ; 0        ;
; Total block memory bits                     ; 2098176  ;
;                                             ;          ;
; Total DSP Blocks                            ; 0        ;
;                                             ;          ;
; Maximum fan-out node                        ; slow_clk ;
; Maximum fan-out                             ; 1646     ;
; Total fan-out                               ; 24279    ;
; Average fan-out                             ; 6.39     ;
+---------------------------------------------+----------+


+--------------------------------------------------------------------------------------------------------------------------------------------------------------------------------------------------------------------------------------------------------------------------------------------------------------------------------------------------------------------------------+
; Partition Merge RAM Summary                                                                                                                                                                                                                                                                                                                                                    ;
+------------------------------------------------------------------------------------------------------------------------------------------------------------------------------------------------------------------------------+------+------------------+--------------+--------------+--------------+--------------+---------+-------------------------------------------------+
; Name                                                                                                                                                                                                                         ; Type ; Mode             ; Port A Depth ; Port A Width ; Port B Depth ; Port B Width ; Size    ; MIF                                             ;
+------------------------------------------------------------------------------------------------------------------------------------------------------------------------------------------------------------------------------+------+------------------+--------------+--------------+--------------+--------------+---------+-------------------------------------------------+
; riscv_system:u0|riscv_system_jtag_uart_0:jtag_uart_0|riscv_system_jtag_uart_0_scfifo_r:the_riscv_system_jtag_uart_0_scfifo_r|scfifo:rfifo|scfifo_3291:auto_generated|a_dpfifo_5771:dpfifo|altsyncram_7pu1:FIFOram|ALTSYNCRAM ; AUTO ; Simple Dual Port ; 64           ; 8            ; 64           ; 8            ; 512     ; None                                            ;
; riscv_system:u0|riscv_system_jtag_uart_0:jtag_uart_0|riscv_system_jtag_uart_0_scfifo_w:the_riscv_system_jtag_uart_0_scfifo_w|scfifo:wfifo|scfifo_3291:auto_generated|a_dpfifo_5771:dpfifo|altsyncram_7pu1:FIFOram|ALTSYNCRAM ; AUTO ; Simple Dual Port ; 64           ; 8            ; 64           ; 8            ; 512     ; None                                            ;
; riscv_system:u0|riscv_system_onchip_memory2_0:onchip_memory2_0|altsyncram:the_altsyncram|altsyncram_p7d2:auto_generated|ALTSYNCRAM                                                                                           ; AUTO ; True Dual Port   ; 65536        ; 32           ; 65536        ; 32           ; 2097152 ; X:/src/grpSystem/unitSystemFPGA/checkSystem.hex ;
+------------------------------------------------------------------------------------------------------------------------------------------------------------------------------------------------------------------------------+------+------------------+--------------+--------------+--------------+--------------+---------+-------------------------------------------------+


+--------------------------+
; Partition Merge Messages ;
+--------------------------+
Info: *******************************************************************
Info: Running Quartus Prime Partition Merge
    Info: Version 18.1.0 Build 625 09/12/2018 SJ Lite Edition
    Info: Processing started: Sat May 09 10:14:55 2020
Info: Command: quartus_cdb --read_settings_files=off --write_settings_files=off SystemFPGA -c SystemFPGA --merge=on
Info (35007): Using synthesis netlist for partition "Top"
Info (35007): Using synthesis netlist for partition "sld_hub:auto_hub"
Info (35002): Resolved and merged 2 partition(s)
Info (16010): Generating hard_block partition "hard_block:auto_generated_inst"
    Info (16011): Adding 9 node(s), including 0 DDIO, 0 PLL, 0 transceiver and 0 LCELL
Critical Warning (138067): Current license file does not support incremental compilation. The Quartus Prime software removes all the user-specified design partitions in the design automatically.
Warning (21074): Design contains 5 input pin(s) that do not drive logic
    Warning (15610): No output dependent on input pin "SW[0]" File: X:/src/grpSystem/unitSystemFPGA/src/SystemFPGA-e.vhd Line: 25
    Warning (15610): No output dependent on input pin "SW[5]" File: X:/src/grpSystem/unitSystemFPGA/src/SystemFPGA-e.vhd Line: 25
    Warning (15610): No output dependent on input pin "SW[6]" File: X:/src/grpSystem/unitSystemFPGA/src/SystemFPGA-e.vhd Line: 25
    Warning (15610): No output dependent on input pin "SW[7]" File: X:/src/grpSystem/unitSystemFPGA/src/SystemFPGA-e.vhd Line: 25
    Warning (15610): No output dependent on input pin "SW[8]" File: X:/src/grpSystem/unitSystemFPGA/src/SystemFPGA-e.vhd Line: 25
Info (21057): Implemented 3399 device resources after synthesis - the final resource count might be different
    Info (21058): Implemented 15 input pins
    Info (21059): Implemented 11 output pins
    Info (21061): Implemented 3100 logic cells
    Info (21064): Implemented 272 RAM segments
Info: Quartus Prime Partition Merge was successful. 0 errors, 7 warnings
    Info: Peak virtual memory: 4778 megabytes
    Info: Processing ended: Sat May 09 10:14:58 2020
    Info: Elapsed time: 00:00:03
    Info: Total CPU time (on all processors): 00:00:03


