MIF/HEX Update report for SystemFPGA
Sat May 09 16:12:34 2020
Quartus Prime Version 18.1.0 Build 625 09/12/2018 SJ Lite Edition


---------------------
; Table of Contents ;
---------------------
  1. Legal Notice
  2. MIF/HEX Update Summary
  3. MIF/HEX Update Processed Files
  4. MIF/HEX Update Messages



----------------
; Legal Notice ;
----------------
Copyright (C) 2018  Intel Corporation. All rights reserved.
Your use of Intel Corporation's design tools, logic functions 
and other software and tools, and its AMPP partner logic 
functions, and any output files from any of the foregoing 
(including device programming or simulation files), and any 
associated documentation or information are expressly subject 
to the terms and conditions of the Intel Program License 
Subscription Agreement, the Intel Quartus Prime License Agreement,
the Intel FPGA IP License Agreement, or other applicable license
agreement, including, without limitation, that your use is for
the sole purpose of programming logic devices manufactured by
Intel and sold by Intel or its authorized distributors.  Please
refer to the applicable agreement for further details.



+---------------------------------------------------------------+
; MIF/HEX Update Summary                                        ;
+-----------------------+---------------------------------------+
; MIF/HEX Update Status ; Successful - Sat May 09 16:12:34 2020 ;
; Revision Name         ; SystemFPGA                            ;
; Top-level Entity Name ; SystemFPGA                            ;
; Family                ; Cyclone V                             ;
; Device                ; 5CSEMA5F31C6                          ;
+-----------------------+---------------------------------------+


+-------------------------------------------------+
; MIF/HEX Update Processed Files                  ;
+-------------------------------------------------+
; File Name                                       ;
+-------------------------------------------------+
; X:/src/grpSystem/unitSystemFPGA/checkSystem.hex ;
+-------------------------------------------------+


+-------------------------+
; MIF/HEX Update Messages ;
+-------------------------+
Info: *******************************************************************
Info: Running Quartus Prime MIF/HEX Update
    Info: Version 18.1.0 Build 625 09/12/2018 SJ Lite Edition
    Info: Processing started: Sat May 09 16:12:23 2020
Info: Command: quartus_cdb SystemFPGA -c SystemFPGA --update_mif
Critical Warning (127005): Memory depth (8192) in the design file differs from memory depth (18) in the Memory Initialization File "X:/src/grpSystem/unitSystemFPGA/checkSystem.hex" -- setting initial value for remaining addresses to 0
Info (39024): Processed the following Memory Initialization File(s)
    Info (39025): Processed Memory Initialization File X:/src/grpSystem/unitSystemFPGA/checkSystem.hex File: X:/src/grpSystem/unitSystemFPGA/checkSystem.hex Line: 0
Info: Quartus Prime MIF/HEX Update was successful. 0 errors, 1 warning
    Info: Peak virtual memory: 4900 megabytes
    Info: Processing ended: Sat May 09 16:12:34 2020
    Info: Elapsed time: 00:00:11
    Info: Total CPU time (on all processors): 00:00:11


