Timing Analyzer report for SystemFPGA
Fri May 15 21:01:52 2020
Quartus Prime Version 18.1.0 Build 625 09/12/2018 SJ Lite Edition


---------------------
; Table of Contents ;
---------------------
  1. Legal Notice
  2. Timing Analyzer Summary
  3. Parallel Compilation
  4. SDC File List
  5. Clocks
  6. Slow 1100mV 85C Model Fmax Summary
  7. Timing Closure Recommendations
  8. Slow 1100mV 85C Model Setup Summary
  9. Slow 1100mV 85C Model Hold Summary
 10. Slow 1100mV 85C Model Recovery Summary
 11. Slow 1100mV 85C Model Removal Summary
 12. Slow 1100mV 85C Model Minimum Pulse Width Summary
 13. Slow 1100mV 85C Model Metastability Summary
 14. Slow 1100mV 0C Model Fmax Summary
 15. Slow 1100mV 0C Model Setup Summary
 16. Slow 1100mV 0C Model Hold Summary
 17. Slow 1100mV 0C Model Recovery Summary
 18. Slow 1100mV 0C Model Removal Summary
 19. Slow 1100mV 0C Model Minimum Pulse Width Summary
 20. Slow 1100mV 0C Model Metastability Summary
 21. Fast 1100mV 85C Model Setup Summary
 22. Fast 1100mV 85C Model Hold Summary
 23. Fast 1100mV 85C Model Recovery Summary
 24. Fast 1100mV 85C Model Removal Summary
 25. Fast 1100mV 85C Model Minimum Pulse Width Summary
 26. Fast 1100mV 85C Model Metastability Summary
 27. Fast 1100mV 0C Model Setup Summary
 28. Fast 1100mV 0C Model Hold Summary
 29. Fast 1100mV 0C Model Recovery Summary
 30. Fast 1100mV 0C Model Removal Summary
 31. Fast 1100mV 0C Model Minimum Pulse Width Summary
 32. Fast 1100mV 0C Model Metastability Summary
 33. Multicorner Timing Analysis Summary
 34. Board Trace Model Assignments
 35. Input Transition Times
 36. Signal Integrity Metrics (Slow 1100mv 0c Model)
 37. Signal Integrity Metrics (Slow 1100mv 85c Model)
 38. Signal Integrity Metrics (Fast 1100mv 0c Model)
 39. Signal Integrity Metrics (Fast 1100mv 85c Model)
 40. Setup Transfers
 41. Hold Transfers
 42. Recovery Transfers
 43. Removal Transfers
 44. Report TCCS
 45. Report RSKM
 46. Unconstrained Paths Summary
 47. Clock Status Summary
 48. Unconstrained Input Ports
 49. Unconstrained Output Ports
 50. Unconstrained Input Ports
 51. Unconstrained Output Ports
 52. Timing Analyzer Messages



----------------
; Legal Notice ;
----------------
Copyright (C) 2018  Intel Corporation. All rights reserved.
Your use of Intel Corporation's design tools, logic functions 
and other software and tools, and its AMPP partner logic 
functions, and any output files from any of the foregoing 
(including device programming or simulation files), and any 
associated documentation or information are expressly subject 
to the terms and conditions of the Intel Program License 
Subscription Agreement, the Intel Quartus Prime License Agreement,
the Intel FPGA IP License Agreement, or other applicable license
agreement, including, without limitation, that your use is for
the sole purpose of programming logic devices manufactured by
Intel and sold by Intel or its authorized distributors.  Please
refer to the applicable agreement for further details.



+-----------------------------------------------------------------------------+
; Timing Analyzer Summary                                                     ;
+-----------------------+-----------------------------------------------------+
; Quartus Prime Version ; Version 18.1.0 Build 625 09/12/2018 SJ Lite Edition ;
; Timing Analyzer       ; Legacy Timing Analyzer                              ;
; Revision Name         ; SystemFPGA                                          ;
; Device Family         ; Cyclone V                                           ;
; Device Name           ; 5CSEMA5F31C6                                        ;
; Timing Models         ; Final                                               ;
; Delay Model           ; Combined                                            ;
; Rise/Fall Delays      ; Enabled                                             ;
+-----------------------+-----------------------------------------------------+


+------------------------------------------+
; Parallel Compilation                     ;
+----------------------------+-------------+
; Processors                 ; Number      ;
+----------------------------+-------------+
; Number detected on machine ; 4           ;
; Maximum allowed            ; 2           ;
;                            ;             ;
; Average used               ; 1.53        ;
; Maximum used               ; 2           ;
;                            ;             ;
; Usage by Processor         ; % Time Used ;
;     Processor 1            ; 100.0%      ;
;     Processor 2            ;  52.9%      ;
+----------------------------+-------------+


+------------------------------------------------------------------------------------------------------+
; SDC File List                                                                                        ;
+------------------------------------------------------------------+--------+--------------------------+
; SDC File Path                                                    ; Status ; Read at                  ;
+------------------------------------------------------------------+--------+--------------------------+
; ../riscv_system/synthesis/submodules/altera_reset_controller.sdc ; OK     ; Fri May 15 21:01:37 2020 ;
; ../../../fhlow/synlayQuartus/TimingConstraints.tcl               ; OK     ; Fri May 15 21:01:37 2020 ;
+------------------------------------------------------------------+--------+--------------------------+


+-------------------------------------------------------------------------------------------------------------------------------------------------------------------------------------+
; Clocks                                                                                                                                                                              ;
+------------+------+--------+-----------+-------+-------+------------+-----------+-------------+-------+--------+-----------+------------+----------+--------+--------+--------------+
; Clock Name ; Type ; Period ; Frequency ; Rise  ; Fall  ; Duty Cycle ; Divide by ; Multiply by ; Phase ; Offset ; Edge List ; Edge Shift ; Inverted ; Master ; Source ; Targets      ;
+------------+------+--------+-----------+-------+-------+------------+-----------+-------------+-------+--------+-----------+------------+----------+--------+--------+--------------+
; CLOCK_50   ; Base ; 5.000  ; 200.0 MHz ; 0.000 ; 2.500 ;            ;           ;             ;       ;        ;           ;            ;          ;        ;        ; { CLOCK_50 } ;
+------------+------+--------+-----------+-------+-------+------------+-----------+-------------+-------+--------+-----------+------------+----------+--------+--------+--------------+


+--------------------------------------------------+
; Slow 1100mV 85C Model Fmax Summary               ;
+------------+-----------------+------------+------+
; Fmax       ; Restricted Fmax ; Clock Name ; Note ;
+------------+-----------------+------------+------+
; 129.72 MHz ; 129.72 MHz      ; CLOCK_50   ;      ;
+------------+-----------------+------------+------+
This panel reports FMAX for every clock in the design, regardless of the user-specified clock periods.  FMAX is only computed for paths where the source and destination registers or ports are driven by the same clock.  Paths of different clocks, including generated clocks, are ignored.  For paths between a clock and its inversion, FMAX is computed as if the rising and falling edges are scaled along with FMAX, such that the duty cycle (in terms of a percentage) is maintained. Altera recommends that you always use clock constraints and other slack reports for sign-off analysis.


----------------------------------
; Timing Closure Recommendations ;
----------------------------------
HTML report is unavailable in plain text report export.


+-------------------------------------+
; Slow 1100mV 85C Model Setup Summary ;
+----------+--------+-----------------+
; Clock    ; Slack  ; End Point TNS   ;
+----------+--------+-----------------+
; CLOCK_50 ; -2.709 ; -1968.219       ;
+----------+--------+-----------------+


+------------------------------------+
; Slow 1100mV 85C Model Hold Summary ;
+----------+-------+-----------------+
; Clock    ; Slack ; End Point TNS   ;
+----------+-------+-----------------+
; CLOCK_50 ; 0.305 ; 0.000           ;
+----------+-------+-----------------+


+----------------------------------------+
; Slow 1100mV 85C Model Recovery Summary ;
+----------+-------+---------------------+
; Clock    ; Slack ; End Point TNS       ;
+----------+-------+---------------------+
; CLOCK_50 ; 1.197 ; 0.000               ;
+----------+-------+---------------------+


+---------------------------------------+
; Slow 1100mV 85C Model Removal Summary ;
+----------+-------+--------------------+
; Clock    ; Slack ; End Point TNS      ;
+----------+-------+--------------------+
; CLOCK_50 ; 0.596 ; 0.000              ;
+----------+-------+--------------------+


+---------------------------------------------------+
; Slow 1100mV 85C Model Minimum Pulse Width Summary ;
+----------+-------+--------------------------------+
; Clock    ; Slack ; End Point TNS                  ;
+----------+-------+--------------------------------+
; CLOCK_50 ; 1.364 ; 0.000                          ;
+----------+-------+--------------------------------+


-----------------------------------------------
; Slow 1100mV 85C Model Metastability Summary ;
-----------------------------------------------
Design MTBF is not calculated because the design doesn't meet its timing requirements.



+--------------------------------------------------+
; Slow 1100mV 0C Model Fmax Summary                ;
+------------+-----------------+------------+------+
; Fmax       ; Restricted Fmax ; Clock Name ; Note ;
+------------+-----------------+------------+------+
; 130.79 MHz ; 130.79 MHz      ; CLOCK_50   ;      ;
+------------+-----------------+------------+------+
This panel reports FMAX for every clock in the design, regardless of the user-specified clock periods.  FMAX is only computed for paths where the source and destination registers or ports are driven by the same clock.  Paths of different clocks, including generated clocks, are ignored.  For paths between a clock and its inversion, FMAX is computed as if the rising and falling edges are scaled along with FMAX, such that the duty cycle (in terms of a percentage) is maintained. Altera recommends that you always use clock constraints and other slack reports for sign-off analysis.


+------------------------------------+
; Slow 1100mV 0C Model Setup Summary ;
+----------+--------+----------------+
; Clock    ; Slack  ; End Point TNS  ;
+----------+--------+----------------+
; CLOCK_50 ; -2.646 ; -1655.967      ;
+----------+--------+----------------+


+-----------------------------------+
; Slow 1100mV 0C Model Hold Summary ;
+----------+-------+----------------+
; Clock    ; Slack ; End Point TNS  ;
+----------+-------+----------------+
; CLOCK_50 ; 0.263 ; 0.000          ;
+----------+-------+----------------+


+---------------------------------------+
; Slow 1100mV 0C Model Recovery Summary ;
+----------+-------+--------------------+
; Clock    ; Slack ; End Point TNS      ;
+----------+-------+--------------------+
; CLOCK_50 ; 1.307 ; 0.000              ;
+----------+-------+--------------------+


+--------------------------------------+
; Slow 1100mV 0C Model Removal Summary ;
+----------+-------+-------------------+
; Clock    ; Slack ; End Point TNS     ;
+----------+-------+-------------------+
; CLOCK_50 ; 0.532 ; 0.000             ;
+----------+-------+-------------------+


+--------------------------------------------------+
; Slow 1100mV 0C Model Minimum Pulse Width Summary ;
+----------+-------+-------------------------------+
; Clock    ; Slack ; End Point TNS                 ;
+----------+-------+-------------------------------+
; CLOCK_50 ; 1.364 ; 0.000                         ;
+----------+-------+-------------------------------+


----------------------------------------------
; Slow 1100mV 0C Model Metastability Summary ;
----------------------------------------------
Design MTBF is not calculated because the design doesn't meet its timing requirements.



+-------------------------------------+
; Fast 1100mV 85C Model Setup Summary ;
+----------+--------+-----------------+
; Clock    ; Slack  ; End Point TNS   ;
+----------+--------+-----------------+
; CLOCK_50 ; -0.036 ; -0.036          ;
+----------+--------+-----------------+


+------------------------------------+
; Fast 1100mV 85C Model Hold Summary ;
+----------+-------+-----------------+
; Clock    ; Slack ; End Point TNS   ;
+----------+-------+-----------------+
; CLOCK_50 ; 0.181 ; 0.000           ;
+----------+-------+-----------------+


+----------------------------------------+
; Fast 1100mV 85C Model Recovery Summary ;
+----------+-------+---------------------+
; Clock    ; Slack ; End Point TNS       ;
+----------+-------+---------------------+
; CLOCK_50 ; 2.474 ; 0.000               ;
+----------+-------+---------------------+


+---------------------------------------+
; Fast 1100mV 85C Model Removal Summary ;
+----------+-------+--------------------+
; Clock    ; Slack ; End Point TNS      ;
+----------+-------+--------------------+
; CLOCK_50 ; 0.319 ; 0.000              ;
+----------+-------+--------------------+


+---------------------------------------------------+
; Fast 1100mV 85C Model Minimum Pulse Width Summary ;
+----------+-------+--------------------------------+
; Clock    ; Slack ; End Point TNS                  ;
+----------+-------+--------------------------------+
; CLOCK_50 ; 0.977 ; 0.000                          ;
+----------+-------+--------------------------------+


-----------------------------------------------
; Fast 1100mV 85C Model Metastability Summary ;
-----------------------------------------------
The design MTBF is not calculated because there are no specified synchronizers in the design.
Number of Synchronizer Chains Found: 9
Shortest Synchronizer Chain: 3 Registers
Fraction of Chains for which MTBFs Could Not be Calculated: 1.000
Worst Case Available Settling Time: 8.962 ns




+------------------------------------+
; Fast 1100mV 0C Model Setup Summary ;
+----------+-------+-----------------+
; Clock    ; Slack ; End Point TNS   ;
+----------+-------+-----------------+
; CLOCK_50 ; 0.439 ; 0.000           ;
+----------+-------+-----------------+


+-----------------------------------+
; Fast 1100mV 0C Model Hold Summary ;
+----------+-------+----------------+
; Clock    ; Slack ; End Point TNS  ;
+----------+-------+----------------+
; CLOCK_50 ; 0.163 ; 0.000          ;
+----------+-------+----------------+


+---------------------------------------+
; Fast 1100mV 0C Model Recovery Summary ;
+----------+-------+--------------------+
; Clock    ; Slack ; End Point TNS      ;
+----------+-------+--------------------+
; CLOCK_50 ; 2.739 ; 0.000              ;
+----------+-------+--------------------+


+--------------------------------------+
; Fast 1100mV 0C Model Removal Summary ;
+----------+-------+-------------------+
; Clock    ; Slack ; End Point TNS     ;
+----------+-------+-------------------+
; CLOCK_50 ; 0.264 ; 0.000             ;
+----------+-------+-------------------+


+--------------------------------------------------+
; Fast 1100mV 0C Model Minimum Pulse Width Summary ;
+----------+-------+-------------------------------+
; Clock    ; Slack ; End Point TNS                 ;
+----------+-------+-------------------------------+
; CLOCK_50 ; 0.932 ; 0.000                         ;
+----------+-------+-------------------------------+


----------------------------------------------
; Fast 1100mV 0C Model Metastability Summary ;
----------------------------------------------
The design MTBF is not calculated because there are no specified synchronizers in the design.
Number of Synchronizer Chains Found: 9
Shortest Synchronizer Chain: 3 Registers
Fraction of Chains for which MTBFs Could Not be Calculated: 1.000
Worst Case Available Settling Time: 9.489 ns




+---------------------------------------------------------------------------------+
; Multicorner Timing Analysis Summary                                             ;
+------------------+-----------+-------+----------+---------+---------------------+
; Clock            ; Setup     ; Hold  ; Recovery ; Removal ; Minimum Pulse Width ;
+------------------+-----------+-------+----------+---------+---------------------+
; Worst-case Slack ; -2.709    ; 0.163 ; 1.197    ; 0.264   ; 0.932               ;
;  CLOCK_50        ; -2.709    ; 0.163 ; 1.197    ; 0.264   ; 0.932               ;
; Design-wide TNS  ; -1968.219 ; 0.0   ; 0.0      ; 0.0     ; 0.0                 ;
;  CLOCK_50        ; -1968.219 ; 0.000 ; 0.000    ; 0.000   ; 0.000               ;
+------------------+-----------+-------+----------+---------+---------------------+


+------------------------------------------------------------------------------------------------------------------------------------------------------------------------------------------------------------------------------------------------------------------------------------------------------------------------------------------------------------------------------------------------------------+
; Board Trace Model Assignments                                                                                                                                                                                                                                                                                                                                                                              ;
+---------+--------------+-------------------+-------------------------+-------------------------+---------------+---------------------+----------------+------------------+--------+------------------+------------------------+------------------------+--------------+---------------+-----------------+-------+---------------------+--------------------+---------------+-----------------+-------------+
; Pin     ; I/O Standard ; Near Tline Length ; Near Tline L per Length ; Near Tline C per Length ; Near Series R ; Near Differential R ; Near Pull-up R ; Near Pull-down R ; Near C ; Far Tline Length ; Far Tline L per Length ; Far Tline C per Length ; Far Series R ; Far Pull-up R ; Far Pull-down R ; Far C ; Termination Voltage ; Far Differential R ; EBD File Name ; EBD Signal Name ; EBD Far-end ;
+---------+--------------+-------------------+-------------------------+-------------------------+---------------+---------------------+----------------+------------------+--------+------------------+------------------------+------------------------+--------------+---------------+-----------------+-------+---------------------+--------------------+---------------+-----------------+-------------+
; LEDR[0] ; 3.3-V LVTTL  ; 0 in              ; 0 H/in                  ; 0 F/in                  ; short         ; -                   ; open           ; open             ; open   ; 0 in             ; 0 H/in                 ; 0 F/in                 ; short        ; open          ; open            ; open  ; 0 V                 ; -                  ; n/a           ; n/a             ; n/a         ;
; LEDR[1] ; 3.3-V LVTTL  ; 0 in              ; 0 H/in                  ; 0 F/in                  ; short         ; -                   ; open           ; open             ; open   ; 0 in             ; 0 H/in                 ; 0 F/in                 ; short        ; open          ; open            ; open  ; 0 V                 ; -                  ; n/a           ; n/a             ; n/a         ;
; LEDR[2] ; 3.3-V LVTTL  ; 0 in              ; 0 H/in                  ; 0 F/in                  ; short         ; -                   ; open           ; open             ; open   ; 0 in             ; 0 H/in                 ; 0 F/in                 ; short        ; open          ; open            ; open  ; 0 V                 ; -                  ; n/a           ; n/a             ; n/a         ;
; LEDR[3] ; 3.3-V LVTTL  ; 0 in              ; 0 H/in                  ; 0 F/in                  ; short         ; -                   ; open           ; open             ; open   ; 0 in             ; 0 H/in                 ; 0 F/in                 ; short        ; open          ; open            ; open  ; 0 V                 ; -                  ; n/a           ; n/a             ; n/a         ;
; LEDR[4] ; 3.3-V LVTTL  ; 0 in              ; 0 H/in                  ; 0 F/in                  ; short         ; -                   ; open           ; open             ; open   ; 0 in             ; 0 H/in                 ; 0 F/in                 ; short        ; open          ; open            ; open  ; 0 V                 ; -                  ; n/a           ; n/a             ; n/a         ;
; LEDR[5] ; 3.3-V LVTTL  ; 0 in              ; 0 H/in                  ; 0 F/in                  ; short         ; -                   ; open           ; open             ; open   ; 0 in             ; 0 H/in                 ; 0 F/in                 ; short        ; open          ; open            ; open  ; 0 V                 ; -                  ; n/a           ; n/a             ; n/a         ;
; LEDR[6] ; 3.3-V LVTTL  ; 0 in              ; 0 H/in                  ; 0 F/in                  ; short         ; -                   ; open           ; open             ; open   ; 0 in             ; 0 H/in                 ; 0 F/in                 ; short        ; open          ; open            ; open  ; 0 V                 ; -                  ; n/a           ; n/a             ; n/a         ;
; LEDR[7] ; 3.3-V LVTTL  ; 0 in              ; 0 H/in                  ; 0 F/in                  ; short         ; -                   ; open           ; open             ; open   ; 0 in             ; 0 H/in                 ; 0 F/in                 ; short        ; open          ; open            ; open  ; 0 V                 ; -                  ; n/a           ; n/a             ; n/a         ;
; LEDR[8] ; 3.3-V LVTTL  ; 0 in              ; 0 H/in                  ; 0 F/in                  ; short         ; -                   ; open           ; open             ; open   ; 0 in             ; 0 H/in                 ; 0 F/in                 ; short        ; open          ; open            ; open  ; 0 V                 ; -                  ; n/a           ; n/a             ; n/a         ;
; LEDR[9] ; 3.3-V LVTTL  ; 0 in              ; 0 H/in                  ; 0 F/in                  ; short         ; -                   ; open           ; open             ; open   ; 0 in             ; 0 H/in                 ; 0 F/in                 ; short        ; open          ; open            ; open  ; 0 V                 ; -                  ; n/a           ; n/a             ; n/a         ;
+---------+--------------+-------------------+-------------------------+-------------------------+---------------+---------------------+----------------+------------------+--------+------------------+------------------------+------------------------+--------------+---------------+-----------------+-------+---------------------+--------------------+---------------+-----------------+-------------+


+-------------------------------------------------------------+
; Input Transition Times                                      ;
+----------+--------------+-----------------+-----------------+
; Pin      ; I/O Standard ; 10-90 Rise Time ; 90-10 Fall Time ;
+----------+--------------+-----------------+-----------------+
; KEY_0    ; 3.3-V LVTTL  ; 2640 ps         ; 2640 ps         ;
; SW[8]    ; 3.3-V LVTTL  ; 2640 ps         ; 2640 ps         ;
; CLOCK_50 ; 3.3-V LVTTL  ; 2640 ps         ; 2640 ps         ;
; SW[5]    ; 3.3-V LVTTL  ; 2640 ps         ; 2640 ps         ;
; SW[0]    ; 3.3-V LVTTL  ; 2640 ps         ; 2640 ps         ;
; SW[1]    ; 3.3-V LVTTL  ; 2640 ps         ; 2640 ps         ;
; SW[2]    ; 3.3-V LVTTL  ; 2640 ps         ; 2640 ps         ;
; SW[3]    ; 3.3-V LVTTL  ; 2640 ps         ; 2640 ps         ;
; SW[4]    ; 3.3-V LVTTL  ; 2640 ps         ; 2640 ps         ;
; SW[6]    ; 3.3-V LVTTL  ; 2640 ps         ; 2640 ps         ;
; SW[7]    ; 3.3-V LVTTL  ; 2640 ps         ; 2640 ps         ;
; SW[9]    ; 3.3-V LVTTL  ; 2640 ps         ; 2640 ps         ;
+----------+--------------+-----------------+-----------------+


+--------------------------------------------------------------------------------------------------------------------------------------------------------------------------------------------------------------------------------------------------------------------------------------------------------------------------------------------------------------------------------------------------------------------------------------------------------------------------------------------------------------------------------------------------------------------------------------------------------------------------------------------------------------------------------------+
; Signal Integrity Metrics (Slow 1100mv 0c Model)                                                                                                                                                                                                                                                                                                                                                                                                                                                                                                                                                                                                                                      ;
+---------+--------------+---------------------+---------------------+------------------------------+------------------------------+---------------------+---------------------+--------------------------------------+--------------------------------------+-----------------------------+-----------------------------+----------------------------+----------------------------+-----------------------------+-----------------------------+--------------------+--------------------+-------------------------------------+-------------------------------------+----------------------------+----------------------------+---------------------------+---------------------------+
; Pin     ; I/O Standard ; Board Delay on Rise ; Board Delay on Fall ; Steady State Voh at FPGA Pin ; Steady State Vol at FPGA Pin ; Voh Max at FPGA Pin ; Vol Min at FPGA Pin ; Ringback Voltage on Rise at FPGA Pin ; Ringback Voltage on Fall at FPGA Pin ; 10-90 Rise Time at FPGA Pin ; 90-10 Fall Time at FPGA Pin ; Monotonic Rise at FPGA Pin ; Monotonic Fall at FPGA Pin ; Steady State Voh at Far-end ; Steady State Vol at Far-end ; Voh Max at Far-end ; Vol Min at Far-end ; Ringback Voltage on Rise at Far-end ; Ringback Voltage on Fall at Far-end ; 10-90 Rise Time at Far-end ; 90-10 Fall Time at Far-end ; Monotonic Rise at Far-end ; Monotonic Fall at Far-end ;
+---------+--------------+---------------------+---------------------+------------------------------+------------------------------+---------------------+---------------------+--------------------------------------+--------------------------------------+-----------------------------+-----------------------------+----------------------------+----------------------------+-----------------------------+-----------------------------+--------------------+--------------------+-------------------------------------+-------------------------------------+----------------------------+----------------------------+---------------------------+---------------------------+
; LEDR[0] ; 3.3-V LVTTL  ; 0 s                 ; 0 s                 ; 3.08 V                       ; 1.07e-06 V                   ; 3.08 V              ; 1.07e-06 V          ; 0.005 V                              ; 0.005 V                              ; 1.9e-09 s                   ; 1.86e-09 s                  ; Yes                        ; Yes                        ; 3.08 V                      ; 1.07e-06 V                  ; 3.08 V             ; 1.07e-06 V         ; 0.005 V                             ; 0.005 V                             ; 1.9e-09 s                  ; 1.86e-09 s                 ; Yes                       ; Yes                       ;
; LEDR[1] ; 3.3-V LVTTL  ; 0 s                 ; 0 s                 ; 3.08 V                       ; 9.26e-07 V                   ; 3.08 V              ; 9.26e-07 V          ; 0.002 V                              ; 0.002 V                              ; 1.81e-09 s                  ; 1.82e-09 s                  ; Yes                        ; Yes                        ; 3.08 V                      ; 9.26e-07 V                  ; 3.08 V             ; 9.26e-07 V         ; 0.002 V                             ; 0.002 V                             ; 1.81e-09 s                 ; 1.82e-09 s                 ; Yes                       ; Yes                       ;
; LEDR[2] ; 3.3-V LVTTL  ; 0 s                 ; 0 s                 ; 3.08 V                       ; 1.07e-06 V                   ; 3.08 V              ; 1.07e-06 V          ; 0.005 V                              ; 0.005 V                              ; 1.9e-09 s                   ; 1.86e-09 s                  ; Yes                        ; Yes                        ; 3.08 V                      ; 1.07e-06 V                  ; 3.08 V             ; 1.07e-06 V         ; 0.005 V                             ; 0.005 V                             ; 1.9e-09 s                  ; 1.86e-09 s                 ; Yes                       ; Yes                       ;
; LEDR[3] ; 3.3-V LVTTL  ; 0 s                 ; 0 s                 ; 3.08 V                       ; 1.07e-06 V                   ; 3.08 V              ; 1.07e-06 V          ; 0.005 V                              ; 0.005 V                              ; 1.9e-09 s                   ; 1.86e-09 s                  ; Yes                        ; Yes                        ; 3.08 V                      ; 1.07e-06 V                  ; 3.08 V             ; 1.07e-06 V         ; 0.005 V                             ; 0.005 V                             ; 1.9e-09 s                  ; 1.86e-09 s                 ; Yes                       ; Yes                       ;
; LEDR[4] ; 3.3-V LVTTL  ; 0 s                 ; 0 s                 ; 3.08 V                       ; 9.26e-07 V                   ; 3.08 V              ; 9.26e-07 V          ; 0.002 V                              ; 0.002 V                              ; 1.81e-09 s                  ; 1.82e-09 s                  ; Yes                        ; Yes                        ; 3.08 V                      ; 9.26e-07 V                  ; 3.08 V             ; 9.26e-07 V         ; 0.002 V                             ; 0.002 V                             ; 1.81e-09 s                 ; 1.82e-09 s                 ; Yes                       ; Yes                       ;
; LEDR[5] ; 3.3-V LVTTL  ; 0 s                 ; 0 s                 ; 3.08 V                       ; 9.26e-07 V                   ; 3.08 V              ; 9.26e-07 V          ; 0.002 V                              ; 0.002 V                              ; 1.81e-09 s                  ; 1.82e-09 s                  ; Yes                        ; Yes                        ; 3.08 V                      ; 9.26e-07 V                  ; 3.08 V             ; 9.26e-07 V         ; 0.002 V                             ; 0.002 V                             ; 1.81e-09 s                 ; 1.82e-09 s                 ; Yes                       ; Yes                       ;
; LEDR[6] ; 3.3-V LVTTL  ; 0 s                 ; 0 s                 ; 3.08 V                       ; 1.07e-06 V                   ; 3.08 V              ; 1.07e-06 V          ; 0.005 V                              ; 0.005 V                              ; 1.9e-09 s                   ; 1.86e-09 s                  ; Yes                        ; Yes                        ; 3.08 V                      ; 1.07e-06 V                  ; 3.08 V             ; 1.07e-06 V         ; 0.005 V                             ; 0.005 V                             ; 1.9e-09 s                  ; 1.86e-09 s                 ; Yes                       ; Yes                       ;
; LEDR[7] ; 3.3-V LVTTL  ; 0 s                 ; 0 s                 ; 3.08 V                       ; 1.07e-06 V                   ; 3.08 V              ; 1.07e-06 V          ; 0.005 V                              ; 0.005 V                              ; 1.9e-09 s                   ; 1.86e-09 s                  ; Yes                        ; Yes                        ; 3.08 V                      ; 1.07e-06 V                  ; 3.08 V             ; 1.07e-06 V         ; 0.005 V                             ; 0.005 V                             ; 1.9e-09 s                  ; 1.86e-09 s                 ; Yes                       ; Yes                       ;
; LEDR[8] ; 3.3-V LVTTL  ; 0 s                 ; 0 s                 ; 3.08 V                       ; 1.07e-06 V                   ; 3.08 V              ; 1.07e-06 V          ; 0.005 V                              ; 0.005 V                              ; 1.9e-09 s                   ; 1.86e-09 s                  ; Yes                        ; Yes                        ; 3.08 V                      ; 1.07e-06 V                  ; 3.08 V             ; 1.07e-06 V         ; 0.005 V                             ; 0.005 V                             ; 1.9e-09 s                  ; 1.86e-09 s                 ; Yes                       ; Yes                       ;
; LEDR[9] ; 3.3-V LVTTL  ; 0 s                 ; 0 s                 ; 3.08 V                       ; 9.26e-07 V                   ; 3.08 V              ; 9.26e-07 V          ; 0.002 V                              ; 0.002 V                              ; 1.81e-09 s                  ; 1.82e-09 s                  ; Yes                        ; Yes                        ; 3.08 V                      ; 9.26e-07 V                  ; 3.08 V             ; 9.26e-07 V         ; 0.002 V                             ; 0.002 V                             ; 1.81e-09 s                 ; 1.82e-09 s                 ; Yes                       ; Yes                       ;
+---------+--------------+---------------------+---------------------+------------------------------+------------------------------+---------------------+---------------------+--------------------------------------+--------------------------------------+-----------------------------+-----------------------------+----------------------------+----------------------------+-----------------------------+-----------------------------+--------------------+--------------------+-------------------------------------+-------------------------------------+----------------------------+----------------------------+---------------------------+---------------------------+


+--------------------------------------------------------------------------------------------------------------------------------------------------------------------------------------------------------------------------------------------------------------------------------------------------------------------------------------------------------------------------------------------------------------------------------------------------------------------------------------------------------------------------------------------------------------------------------------------------------------------------------------------------------------------------------------+
; Signal Integrity Metrics (Slow 1100mv 85c Model)                                                                                                                                                                                                                                                                                                                                                                                                                                                                                                                                                                                                                                     ;
+---------+--------------+---------------------+---------------------+------------------------------+------------------------------+---------------------+---------------------+--------------------------------------+--------------------------------------+-----------------------------+-----------------------------+----------------------------+----------------------------+-----------------------------+-----------------------------+--------------------+--------------------+-------------------------------------+-------------------------------------+----------------------------+----------------------------+---------------------------+---------------------------+
; Pin     ; I/O Standard ; Board Delay on Rise ; Board Delay on Fall ; Steady State Voh at FPGA Pin ; Steady State Vol at FPGA Pin ; Voh Max at FPGA Pin ; Vol Min at FPGA Pin ; Ringback Voltage on Rise at FPGA Pin ; Ringback Voltage on Fall at FPGA Pin ; 10-90 Rise Time at FPGA Pin ; 90-10 Fall Time at FPGA Pin ; Monotonic Rise at FPGA Pin ; Monotonic Fall at FPGA Pin ; Steady State Voh at Far-end ; Steady State Vol at Far-end ; Voh Max at Far-end ; Vol Min at Far-end ; Ringback Voltage on Rise at Far-end ; Ringback Voltage on Fall at Far-end ; 10-90 Rise Time at Far-end ; 90-10 Fall Time at Far-end ; Monotonic Rise at Far-end ; Monotonic Fall at Far-end ;
+---------+--------------+---------------------+---------------------+------------------------------+------------------------------+---------------------+---------------------+--------------------------------------+--------------------------------------+-----------------------------+-----------------------------+----------------------------+----------------------------+-----------------------------+-----------------------------+--------------------+--------------------+-------------------------------------+-------------------------------------+----------------------------+----------------------------+---------------------------+---------------------------+
; LEDR[0] ; 3.3-V LVTTL  ; 0 s                 ; 0 s                 ; 3.08 V                       ; 9.19e-05 V                   ; 3.08 V              ; 9.19e-05 V          ; 0.011 V                              ; 0.034 V                              ; 2.32e-09 s                  ; 2.33e-09 s                  ; Yes                        ; Yes                        ; 3.08 V                      ; 9.19e-05 V                  ; 3.08 V             ; 9.19e-05 V         ; 0.011 V                             ; 0.034 V                             ; 2.32e-09 s                 ; 2.33e-09 s                 ; Yes                       ; Yes                       ;
; LEDR[1] ; 3.3-V LVTTL  ; 0 s                 ; 0 s                 ; 3.08 V                       ; 8.25e-05 V                   ; 3.08 V              ; 8.25e-05 V          ; 0.009 V                              ; 0.025 V                              ; 2.23e-09 s                  ; 2.28e-09 s                  ; Yes                        ; Yes                        ; 3.08 V                      ; 8.25e-05 V                  ; 3.08 V             ; 8.25e-05 V         ; 0.009 V                             ; 0.025 V                             ; 2.23e-09 s                 ; 2.28e-09 s                 ; Yes                       ; Yes                       ;
; LEDR[2] ; 3.3-V LVTTL  ; 0 s                 ; 0 s                 ; 3.08 V                       ; 9.19e-05 V                   ; 3.08 V              ; 9.19e-05 V          ; 0.011 V                              ; 0.034 V                              ; 2.32e-09 s                  ; 2.33e-09 s                  ; Yes                        ; Yes                        ; 3.08 V                      ; 9.19e-05 V                  ; 3.08 V             ; 9.19e-05 V         ; 0.011 V                             ; 0.034 V                             ; 2.32e-09 s                 ; 2.33e-09 s                 ; Yes                       ; Yes                       ;
; LEDR[3] ; 3.3-V LVTTL  ; 0 s                 ; 0 s                 ; 3.08 V                       ; 9.19e-05 V                   ; 3.08 V              ; 9.19e-05 V          ; 0.011 V                              ; 0.034 V                              ; 2.32e-09 s                  ; 2.33e-09 s                  ; Yes                        ; Yes                        ; 3.08 V                      ; 9.19e-05 V                  ; 3.08 V             ; 9.19e-05 V         ; 0.011 V                             ; 0.034 V                             ; 2.32e-09 s                 ; 2.33e-09 s                 ; Yes                       ; Yes                       ;
; LEDR[4] ; 3.3-V LVTTL  ; 0 s                 ; 0 s                 ; 3.08 V                       ; 8.25e-05 V                   ; 3.08 V              ; 8.25e-05 V          ; 0.009 V                              ; 0.025 V                              ; 2.23e-09 s                  ; 2.28e-09 s                  ; Yes                        ; Yes                        ; 3.08 V                      ; 8.25e-05 V                  ; 3.08 V             ; 8.25e-05 V         ; 0.009 V                             ; 0.025 V                             ; 2.23e-09 s                 ; 2.28e-09 s                 ; Yes                       ; Yes                       ;
; LEDR[5] ; 3.3-V LVTTL  ; 0 s                 ; 0 s                 ; 3.08 V                       ; 8.25e-05 V                   ; 3.08 V              ; 8.25e-05 V          ; 0.009 V                              ; 0.025 V                              ; 2.23e-09 s                  ; 2.28e-09 s                  ; Yes                        ; Yes                        ; 3.08 V                      ; 8.25e-05 V                  ; 3.08 V             ; 8.25e-05 V         ; 0.009 V                             ; 0.025 V                             ; 2.23e-09 s                 ; 2.28e-09 s                 ; Yes                       ; Yes                       ;
; LEDR[6] ; 3.3-V LVTTL  ; 0 s                 ; 0 s                 ; 3.08 V                       ; 9.19e-05 V                   ; 3.08 V              ; 9.19e-05 V          ; 0.011 V                              ; 0.034 V                              ; 2.32e-09 s                  ; 2.33e-09 s                  ; Yes                        ; Yes                        ; 3.08 V                      ; 9.19e-05 V                  ; 3.08 V             ; 9.19e-05 V         ; 0.011 V                             ; 0.034 V                             ; 2.32e-09 s                 ; 2.33e-09 s                 ; Yes                       ; Yes                       ;
; LEDR[7] ; 3.3-V LVTTL  ; 0 s                 ; 0 s                 ; 3.08 V                       ; 9.19e-05 V                   ; 3.08 V              ; 9.19e-05 V          ; 0.011 V                              ; 0.034 V                              ; 2.32e-09 s                  ; 2.33e-09 s                  ; Yes                        ; Yes                        ; 3.08 V                      ; 9.19e-05 V                  ; 3.08 V             ; 9.19e-05 V         ; 0.011 V                             ; 0.034 V                             ; 2.32e-09 s                 ; 2.33e-09 s                 ; Yes                       ; Yes                       ;
; LEDR[8] ; 3.3-V LVTTL  ; 0 s                 ; 0 s                 ; 3.08 V                       ; 9.19e-05 V                   ; 3.08 V              ; 9.19e-05 V          ; 0.011 V                              ; 0.034 V                              ; 2.32e-09 s                  ; 2.33e-09 s                  ; Yes                        ; Yes                        ; 3.08 V                      ; 9.19e-05 V                  ; 3.08 V             ; 9.19e-05 V         ; 0.011 V                             ; 0.034 V                             ; 2.32e-09 s                 ; 2.33e-09 s                 ; Yes                       ; Yes                       ;
; LEDR[9] ; 3.3-V LVTTL  ; 0 s                 ; 0 s                 ; 3.08 V                       ; 8.25e-05 V                   ; 3.08 V              ; 8.25e-05 V          ; 0.009 V                              ; 0.025 V                              ; 2.23e-09 s                  ; 2.28e-09 s                  ; Yes                        ; Yes                        ; 3.08 V                      ; 8.25e-05 V                  ; 3.08 V             ; 8.25e-05 V         ; 0.009 V                             ; 0.025 V                             ; 2.23e-09 s                 ; 2.28e-09 s                 ; Yes                       ; Yes                       ;
+---------+--------------+---------------------+---------------------+------------------------------+------------------------------+---------------------+---------------------+--------------------------------------+--------------------------------------+-----------------------------+-----------------------------+----------------------------+----------------------------+-----------------------------+-----------------------------+--------------------+--------------------+-------------------------------------+-------------------------------------+----------------------------+----------------------------+---------------------------+---------------------------+


+--------------------------------------------------------------------------------------------------------------------------------------------------------------------------------------------------------------------------------------------------------------------------------------------------------------------------------------------------------------------------------------------------------------------------------------------------------------------------------------------------------------------------------------------------------------------------------------------------------------------------------------------------------------------------------------+
; Signal Integrity Metrics (Fast 1100mv 0c Model)                                                                                                                                                                                                                                                                                                                                                                                                                                                                                                                                                                                                                                      ;
+---------+--------------+---------------------+---------------------+------------------------------+------------------------------+---------------------+---------------------+--------------------------------------+--------------------------------------+-----------------------------+-----------------------------+----------------------------+----------------------------+-----------------------------+-----------------------------+--------------------+--------------------+-------------------------------------+-------------------------------------+----------------------------+----------------------------+---------------------------+---------------------------+
; Pin     ; I/O Standard ; Board Delay on Rise ; Board Delay on Fall ; Steady State Voh at FPGA Pin ; Steady State Vol at FPGA Pin ; Voh Max at FPGA Pin ; Vol Min at FPGA Pin ; Ringback Voltage on Rise at FPGA Pin ; Ringback Voltage on Fall at FPGA Pin ; 10-90 Rise Time at FPGA Pin ; 90-10 Fall Time at FPGA Pin ; Monotonic Rise at FPGA Pin ; Monotonic Fall at FPGA Pin ; Steady State Voh at Far-end ; Steady State Vol at Far-end ; Voh Max at Far-end ; Vol Min at Far-end ; Ringback Voltage on Rise at Far-end ; Ringback Voltage on Fall at Far-end ; 10-90 Rise Time at Far-end ; 90-10 Fall Time at Far-end ; Monotonic Rise at Far-end ; Monotonic Fall at Far-end ;
+---------+--------------+---------------------+---------------------+------------------------------+------------------------------+---------------------+---------------------+--------------------------------------+--------------------------------------+-----------------------------+-----------------------------+----------------------------+----------------------------+-----------------------------+-----------------------------+--------------------+--------------------+-------------------------------------+-------------------------------------+----------------------------+----------------------------+---------------------------+---------------------------+
; LEDR[0] ; 3.3-V LVTTL  ; 0 s                 ; 0 s                 ; 3.63 V                       ; 1.48e-05 V                   ; 3.63 V              ; 1.48e-05 V          ; 0.006 V                              ; 0.005 V                              ; 1.81e-09 s                  ; 1.56e-09 s                  ; Yes                        ; Yes                        ; 3.63 V                      ; 1.48e-05 V                  ; 3.63 V             ; 1.48e-05 V         ; 0.006 V                             ; 0.005 V                             ; 1.81e-09 s                 ; 1.56e-09 s                 ; Yes                       ; Yes                       ;
; LEDR[1] ; 3.3-V LVTTL  ; 0 s                 ; 0 s                 ; 3.63 V                       ; 1.27e-05 V                   ; 3.63 V              ; 1.27e-05 V          ; 0.001 V                              ; 0.003 V                              ; 1.72e-09 s                  ; 1.52e-09 s                  ; Yes                        ; Yes                        ; 3.63 V                      ; 1.27e-05 V                  ; 3.63 V             ; 1.27e-05 V         ; 0.001 V                             ; 0.003 V                             ; 1.72e-09 s                 ; 1.52e-09 s                 ; Yes                       ; Yes                       ;
; LEDR[2] ; 3.3-V LVTTL  ; 0 s                 ; 0 s                 ; 3.63 V                       ; 1.48e-05 V                   ; 3.63 V              ; 1.48e-05 V          ; 0.006 V                              ; 0.005 V                              ; 1.81e-09 s                  ; 1.56e-09 s                  ; Yes                        ; Yes                        ; 3.63 V                      ; 1.48e-05 V                  ; 3.63 V             ; 1.48e-05 V         ; 0.006 V                             ; 0.005 V                             ; 1.81e-09 s                 ; 1.56e-09 s                 ; Yes                       ; Yes                       ;
; LEDR[3] ; 3.3-V LVTTL  ; 0 s                 ; 0 s                 ; 3.63 V                       ; 1.48e-05 V                   ; 3.63 V              ; 1.48e-05 V          ; 0.006 V                              ; 0.005 V                              ; 1.81e-09 s                  ; 1.56e-09 s                  ; Yes                        ; Yes                        ; 3.63 V                      ; 1.48e-05 V                  ; 3.63 V             ; 1.48e-05 V         ; 0.006 V                             ; 0.005 V                             ; 1.81e-09 s                 ; 1.56e-09 s                 ; Yes                       ; Yes                       ;
; LEDR[4] ; 3.3-V LVTTL  ; 0 s                 ; 0 s                 ; 3.63 V                       ; 1.27e-05 V                   ; 3.63 V              ; 1.27e-05 V          ; 0.001 V                              ; 0.003 V                              ; 1.72e-09 s                  ; 1.52e-09 s                  ; Yes                        ; Yes                        ; 3.63 V                      ; 1.27e-05 V                  ; 3.63 V             ; 1.27e-05 V         ; 0.001 V                             ; 0.003 V                             ; 1.72e-09 s                 ; 1.52e-09 s                 ; Yes                       ; Yes                       ;
; LEDR[5] ; 3.3-V LVTTL  ; 0 s                 ; 0 s                 ; 3.63 V                       ; 1.27e-05 V                   ; 3.63 V              ; 1.27e-05 V          ; 0.001 V                              ; 0.003 V                              ; 1.72e-09 s                  ; 1.52e-09 s                  ; Yes                        ; Yes                        ; 3.63 V                      ; 1.27e-05 V                  ; 3.63 V             ; 1.27e-05 V         ; 0.001 V                             ; 0.003 V                             ; 1.72e-09 s                 ; 1.52e-09 s                 ; Yes                       ; Yes                       ;
; LEDR[6] ; 3.3-V LVTTL  ; 0 s                 ; 0 s                 ; 3.63 V                       ; 1.48e-05 V                   ; 3.63 V              ; 1.48e-05 V          ; 0.006 V                              ; 0.005 V                              ; 1.81e-09 s                  ; 1.56e-09 s                  ; Yes                        ; Yes                        ; 3.63 V                      ; 1.48e-05 V                  ; 3.63 V             ; 1.48e-05 V         ; 0.006 V                             ; 0.005 V                             ; 1.81e-09 s                 ; 1.56e-09 s                 ; Yes                       ; Yes                       ;
; LEDR[7] ; 3.3-V LVTTL  ; 0 s                 ; 0 s                 ; 3.63 V                       ; 1.48e-05 V                   ; 3.63 V              ; 1.48e-05 V          ; 0.006 V                              ; 0.005 V                              ; 1.81e-09 s                  ; 1.56e-09 s                  ; Yes                        ; Yes                        ; 3.63 V                      ; 1.48e-05 V                  ; 3.63 V             ; 1.48e-05 V         ; 0.006 V                             ; 0.005 V                             ; 1.81e-09 s                 ; 1.56e-09 s                 ; Yes                       ; Yes                       ;
; LEDR[8] ; 3.3-V LVTTL  ; 0 s                 ; 0 s                 ; 3.63 V                       ; 1.48e-05 V                   ; 3.63 V              ; 1.48e-05 V          ; 0.006 V                              ; 0.005 V                              ; 1.81e-09 s                  ; 1.56e-09 s                  ; Yes                        ; Yes                        ; 3.63 V                      ; 1.48e-05 V                  ; 3.63 V             ; 1.48e-05 V         ; 0.006 V                             ; 0.005 V                             ; 1.81e-09 s                 ; 1.56e-09 s                 ; Yes                       ; Yes                       ;
; LEDR[9] ; 3.3-V LVTTL  ; 0 s                 ; 0 s                 ; 3.63 V                       ; 1.27e-05 V                   ; 3.63 V              ; 1.27e-05 V          ; 0.001 V                              ; 0.003 V                              ; 1.72e-09 s                  ; 1.52e-09 s                  ; Yes                        ; Yes                        ; 3.63 V                      ; 1.27e-05 V                  ; 3.63 V             ; 1.27e-05 V         ; 0.001 V                             ; 0.003 V                             ; 1.72e-09 s                 ; 1.52e-09 s                 ; Yes                       ; Yes                       ;
+---------+--------------+---------------------+---------------------+------------------------------+------------------------------+---------------------+---------------------+--------------------------------------+--------------------------------------+-----------------------------+-----------------------------+----------------------------+----------------------------+-----------------------------+-----------------------------+--------------------+--------------------+-------------------------------------+-------------------------------------+----------------------------+----------------------------+---------------------------+---------------------------+


+--------------------------------------------------------------------------------------------------------------------------------------------------------------------------------------------------------------------------------------------------------------------------------------------------------------------------------------------------------------------------------------------------------------------------------------------------------------------------------------------------------------------------------------------------------------------------------------------------------------------------------------------------------------------------------------+
; Signal Integrity Metrics (Fast 1100mv 85c Model)                                                                                                                                                                                                                                                                                                                                                                                                                                                                                                                                                                                                                                     ;
+---------+--------------+---------------------+---------------------+------------------------------+------------------------------+---------------------+---------------------+--------------------------------------+--------------------------------------+-----------------------------+-----------------------------+----------------------------+----------------------------+-----------------------------+-----------------------------+--------------------+--------------------+-------------------------------------+-------------------------------------+----------------------------+----------------------------+---------------------------+---------------------------+
; Pin     ; I/O Standard ; Board Delay on Rise ; Board Delay on Fall ; Steady State Voh at FPGA Pin ; Steady State Vol at FPGA Pin ; Voh Max at FPGA Pin ; Vol Min at FPGA Pin ; Ringback Voltage on Rise at FPGA Pin ; Ringback Voltage on Fall at FPGA Pin ; 10-90 Rise Time at FPGA Pin ; 90-10 Fall Time at FPGA Pin ; Monotonic Rise at FPGA Pin ; Monotonic Fall at FPGA Pin ; Steady State Voh at Far-end ; Steady State Vol at Far-end ; Voh Max at Far-end ; Vol Min at Far-end ; Ringback Voltage on Rise at Far-end ; Ringback Voltage on Fall at Far-end ; 10-90 Rise Time at Far-end ; 90-10 Fall Time at Far-end ; Monotonic Rise at Far-end ; Monotonic Fall at Far-end ;
+---------+--------------+---------------------+---------------------+------------------------------+------------------------------+---------------------+---------------------+--------------------------------------+--------------------------------------+-----------------------------+-----------------------------+----------------------------+----------------------------+-----------------------------+-----------------------------+--------------------+--------------------+-------------------------------------+-------------------------------------+----------------------------+----------------------------+---------------------------+---------------------------+
; LEDR[0] ; 3.3-V LVTTL  ; 0 s                 ; 0 s                 ; 3.63 V                       ; 0.000644 V                   ; 3.63 V              ; 0.000644 V          ; 0.004 V                              ; 0.008 V                              ; 2.17e-09 s                  ; 2.02e-09 s                  ; Yes                        ; Yes                        ; 3.63 V                      ; 0.000644 V                  ; 3.63 V             ; 0.000644 V         ; 0.004 V                             ; 0.008 V                             ; 2.17e-09 s                 ; 2.02e-09 s                 ; Yes                       ; Yes                       ;
; LEDR[1] ; 3.3-V LVTTL  ; 0 s                 ; 0 s                 ; 3.63 V                       ; 0.000571 V                   ; 3.63 V              ; 0.000571 V          ; 0.003 V                              ; 0.005 V                              ; 2.08e-09 s                  ; 1.97e-09 s                  ; Yes                        ; Yes                        ; 3.63 V                      ; 0.000571 V                  ; 3.63 V             ; 0.000571 V         ; 0.003 V                             ; 0.005 V                             ; 2.08e-09 s                 ; 1.97e-09 s                 ; Yes                       ; Yes                       ;
; LEDR[2] ; 3.3-V LVTTL  ; 0 s                 ; 0 s                 ; 3.63 V                       ; 0.000644 V                   ; 3.63 V              ; 0.000644 V          ; 0.004 V                              ; 0.008 V                              ; 2.17e-09 s                  ; 2.02e-09 s                  ; Yes                        ; Yes                        ; 3.63 V                      ; 0.000644 V                  ; 3.63 V             ; 0.000644 V         ; 0.004 V                             ; 0.008 V                             ; 2.17e-09 s                 ; 2.02e-09 s                 ; Yes                       ; Yes                       ;
; LEDR[3] ; 3.3-V LVTTL  ; 0 s                 ; 0 s                 ; 3.63 V                       ; 0.000644 V                   ; 3.63 V              ; 0.000644 V          ; 0.004 V                              ; 0.008 V                              ; 2.17e-09 s                  ; 2.02e-09 s                  ; Yes                        ; Yes                        ; 3.63 V                      ; 0.000644 V                  ; 3.63 V             ; 0.000644 V         ; 0.004 V                             ; 0.008 V                             ; 2.17e-09 s                 ; 2.02e-09 s                 ; Yes                       ; Yes                       ;
; LEDR[4] ; 3.3-V LVTTL  ; 0 s                 ; 0 s                 ; 3.63 V                       ; 0.000571 V                   ; 3.63 V              ; 0.000571 V          ; 0.003 V                              ; 0.005 V                              ; 2.08e-09 s                  ; 1.97e-09 s                  ; Yes                        ; Yes                        ; 3.63 V                      ; 0.000571 V                  ; 3.63 V             ; 0.000571 V         ; 0.003 V                             ; 0.005 V                             ; 2.08e-09 s                 ; 1.97e-09 s                 ; Yes                       ; Yes                       ;
; LEDR[5] ; 3.3-V LVTTL  ; 0 s                 ; 0 s                 ; 3.63 V                       ; 0.000571 V                   ; 3.63 V              ; 0.000571 V          ; 0.003 V                              ; 0.005 V                              ; 2.08e-09 s                  ; 1.97e-09 s                  ; Yes                        ; Yes                        ; 3.63 V                      ; 0.000571 V                  ; 3.63 V             ; 0.000571 V         ; 0.003 V                             ; 0.005 V                             ; 2.08e-09 s                 ; 1.97e-09 s                 ; Yes                       ; Yes                       ;
; LEDR[6] ; 3.3-V LVTTL  ; 0 s                 ; 0 s                 ; 3.63 V                       ; 0.000644 V                   ; 3.63 V              ; 0.000644 V          ; 0.004 V                              ; 0.008 V                              ; 2.17e-09 s                  ; 2.02e-09 s                  ; Yes                        ; Yes                        ; 3.63 V                      ; 0.000644 V                  ; 3.63 V             ; 0.000644 V         ; 0.004 V                             ; 0.008 V                             ; 2.17e-09 s                 ; 2.02e-09 s                 ; Yes                       ; Yes                       ;
; LEDR[7] ; 3.3-V LVTTL  ; 0 s                 ; 0 s                 ; 3.63 V                       ; 0.000644 V                   ; 3.63 V              ; 0.000644 V          ; 0.004 V                              ; 0.008 V                              ; 2.17e-09 s                  ; 2.02e-09 s                  ; Yes                        ; Yes                        ; 3.63 V                      ; 0.000644 V                  ; 3.63 V             ; 0.000644 V         ; 0.004 V                             ; 0.008 V                             ; 2.17e-09 s                 ; 2.02e-09 s                 ; Yes                       ; Yes                       ;
; LEDR[8] ; 3.3-V LVTTL  ; 0 s                 ; 0 s                 ; 3.63 V                       ; 0.000644 V                   ; 3.63 V              ; 0.000644 V          ; 0.004 V                              ; 0.008 V                              ; 2.17e-09 s                  ; 2.02e-09 s                  ; Yes                        ; Yes                        ; 3.63 V                      ; 0.000644 V                  ; 3.63 V             ; 0.000644 V         ; 0.004 V                             ; 0.008 V                             ; 2.17e-09 s                 ; 2.02e-09 s                 ; Yes                       ; Yes                       ;
; LEDR[9] ; 3.3-V LVTTL  ; 0 s                 ; 0 s                 ; 3.63 V                       ; 0.000571 V                   ; 3.63 V              ; 0.000571 V          ; 0.003 V                              ; 0.005 V                              ; 2.08e-09 s                  ; 1.97e-09 s                  ; Yes                        ; Yes                        ; 3.63 V                      ; 0.000571 V                  ; 3.63 V             ; 0.000571 V         ; 0.003 V                             ; 0.005 V                             ; 2.08e-09 s                 ; 1.97e-09 s                 ; Yes                       ; Yes                       ;
+---------+--------------+---------------------+---------------------+------------------------------+------------------------------+---------------------+---------------------+--------------------------------------+--------------------------------------+-----------------------------+-----------------------------+----------------------------+----------------------------+-----------------------------+-----------------------------+--------------------+--------------------+-------------------------------------+-------------------------------------+----------------------------+----------------------------+---------------------------+---------------------------+


+-------------------------------------------------------------------+
; Setup Transfers                                                   ;
+------------+----------+----------+----------+----------+----------+
; From Clock ; To Clock ; RR Paths ; FR Paths ; RF Paths ; FF Paths ;
+------------+----------+----------+----------+----------+----------+
; CLOCK_50   ; CLOCK_50 ; 437982   ; 0        ; 0        ; 0        ;
+------------+----------+----------+----------+----------+----------+
Entries labeled "false path" only account for clock-to-clock false paths and not path-based false paths. As a result, actual path counts may be lower than reported.


+-------------------------------------------------------------------+
; Hold Transfers                                                    ;
+------------+----------+----------+----------+----------+----------+
; From Clock ; To Clock ; RR Paths ; FR Paths ; RF Paths ; FF Paths ;
+------------+----------+----------+----------+----------+----------+
; CLOCK_50   ; CLOCK_50 ; 437982   ; 0        ; 0        ; 0        ;
+------------+----------+----------+----------+----------+----------+
Entries labeled "false path" only account for clock-to-clock false paths and not path-based false paths. As a result, actual path counts may be lower than reported.


+-------------------------------------------------------------------+
; Recovery Transfers                                                ;
+------------+----------+----------+----------+----------+----------+
; From Clock ; To Clock ; RR Paths ; FR Paths ; RF Paths ; FF Paths ;
+------------+----------+----------+----------+----------+----------+
; CLOCK_50   ; CLOCK_50 ; 1849     ; 0        ; 0        ; 0        ;
+------------+----------+----------+----------+----------+----------+
Entries labeled "false path" only account for clock-to-clock false paths and not path-based false paths. As a result, actual path counts may be lower than reported.


+-------------------------------------------------------------------+
; Removal Transfers                                                 ;
+------------+----------+----------+----------+----------+----------+
; From Clock ; To Clock ; RR Paths ; FR Paths ; RF Paths ; FF Paths ;
+------------+----------+----------+----------+----------+----------+
; CLOCK_50   ; CLOCK_50 ; 1849     ; 0        ; 0        ; 0        ;
+------------+----------+----------+----------+----------+----------+
Entries labeled "false path" only account for clock-to-clock false paths and not path-based false paths. As a result, actual path counts may be lower than reported.


---------------
; Report TCCS ;
---------------
No dedicated SERDES Transmitter circuitry present in device or used in design


---------------
; Report RSKM ;
---------------
No non-DPA dedicated SERDES Receiver circuitry present in device or used in design


+------------------------------------------------+
; Unconstrained Paths Summary                    ;
+---------------------------------+-------+------+
; Property                        ; Setup ; Hold ;
+---------------------------------+-------+------+
; Illegal Clocks                  ; 0     ; 0    ;
; Unconstrained Clocks            ; 0     ; 0    ;
; Unconstrained Input Ports       ; 8     ; 8    ;
; Unconstrained Input Port Paths  ; 16    ; 16   ;
; Unconstrained Output Ports      ; 8     ; 8    ;
; Unconstrained Output Port Paths ; 8     ; 8    ;
+---------------------------------+-------+------+


+------------------------------------------+
; Clock Status Summary                     ;
+----------+----------+------+-------------+
; Target   ; Clock    ; Type ; Status      ;
+----------+----------+------+-------------+
; CLOCK_50 ; CLOCK_50 ; Base ; Constrained ;
+----------+----------+------+-------------+


+---------------------------------------------------------------------------------------------------+
; Unconstrained Input Ports                                                                         ;
+------------+--------------------------------------------------------------------------------------+
; Input Port ; Comment                                                                              ;
+------------+--------------------------------------------------------------------------------------+
; SW[0]      ; No input delay, min/max delays, false-path exceptions, or max skew assignments found ;
; SW[1]      ; No input delay, min/max delays, false-path exceptions, or max skew assignments found ;
; SW[2]      ; No input delay, min/max delays, false-path exceptions, or max skew assignments found ;
; SW[3]      ; No input delay, min/max delays, false-path exceptions, or max skew assignments found ;
; SW[4]      ; No input delay, min/max delays, false-path exceptions, or max skew assignments found ;
; SW[5]      ; No input delay, min/max delays, false-path exceptions, or max skew assignments found ;
; SW[6]      ; No input delay, min/max delays, false-path exceptions, or max skew assignments found ;
; SW[7]      ; No input delay, min/max delays, false-path exceptions, or max skew assignments found ;
+------------+--------------------------------------------------------------------------------------+


+-----------------------------------------------------------------------------------------------------+
; Unconstrained Output Ports                                                                          ;
+-------------+---------------------------------------------------------------------------------------+
; Output Port ; Comment                                                                               ;
+-------------+---------------------------------------------------------------------------------------+
; LEDR[0]     ; No output delay, min/max delays, false-path exceptions, or max skew assignments found ;
; LEDR[1]     ; No output delay, min/max delays, false-path exceptions, or max skew assignments found ;
; LEDR[2]     ; No output delay, min/max delays, false-path exceptions, or max skew assignments found ;
; LEDR[3]     ; No output delay, min/max delays, false-path exceptions, or max skew assignments found ;
; LEDR[4]     ; No output delay, min/max delays, false-path exceptions, or max skew assignments found ;
; LEDR[5]     ; No output delay, min/max delays, false-path exceptions, or max skew assignments found ;
; LEDR[6]     ; No output delay, min/max delays, false-path exceptions, or max skew assignments found ;
; LEDR[7]     ; No output delay, min/max delays, false-path exceptions, or max skew assignments found ;
+-------------+---------------------------------------------------------------------------------------+


+---------------------------------------------------------------------------------------------------+
; Unconstrained Input Ports                                                                         ;
+------------+--------------------------------------------------------------------------------------+
; Input Port ; Comment                                                                              ;
+------------+--------------------------------------------------------------------------------------+
; SW[0]      ; No input delay, min/max delays, false-path exceptions, or max skew assignments found ;
; SW[1]      ; No input delay, min/max delays, false-path exceptions, or max skew assignments found ;
; SW[2]      ; No input delay, min/max delays, false-path exceptions, or max skew assignments found ;
; SW[3]      ; No input delay, min/max delays, false-path exceptions, or max skew assignments found ;
; SW[4]      ; No input delay, min/max delays, false-path exceptions, or max skew assignments found ;
; SW[5]      ; No input delay, min/max delays, false-path exceptions, or max skew assignments found ;
; SW[6]      ; No input delay, min/max delays, false-path exceptions, or max skew assignments found ;
; SW[7]      ; No input delay, min/max delays, false-path exceptions, or max skew assignments found ;
+------------+--------------------------------------------------------------------------------------+


+-----------------------------------------------------------------------------------------------------+
; Unconstrained Output Ports                                                                          ;
+-------------+---------------------------------------------------------------------------------------+
; Output Port ; Comment                                                                               ;
+-------------+---------------------------------------------------------------------------------------+
; LEDR[0]     ; No output delay, min/max delays, false-path exceptions, or max skew assignments found ;
; LEDR[1]     ; No output delay, min/max delays, false-path exceptions, or max skew assignments found ;
; LEDR[2]     ; No output delay, min/max delays, false-path exceptions, or max skew assignments found ;
; LEDR[3]     ; No output delay, min/max delays, false-path exceptions, or max skew assignments found ;
; LEDR[4]     ; No output delay, min/max delays, false-path exceptions, or max skew assignments found ;
; LEDR[5]     ; No output delay, min/max delays, false-path exceptions, or max skew assignments found ;
; LEDR[6]     ; No output delay, min/max delays, false-path exceptions, or max skew assignments found ;
; LEDR[7]     ; No output delay, min/max delays, false-path exceptions, or max skew assignments found ;
+-------------+---------------------------------------------------------------------------------------+


+--------------------------+
; Timing Analyzer Messages ;
+--------------------------+
Info: *******************************************************************
Info: Running Quartus Prime Timing Analyzer
    Info: Version 18.1.0 Build 625 09/12/2018 SJ Lite Edition
    Info: Processing started: Fri May 15 21:01:34 2020
Info: Command: quartus_sta SystemFPGA -c SystemFPGA
Info: qsta_default_script.tcl version: #1
Info (20030): Parallel compilation is enabled and will use 2 of the 2 processors detected
Info (21077): Low junction temperature is 0 degrees C
Info (21077): High junction temperature is 85 degrees C
Info (332104): Reading SDC File: '../riscv_system/synthesis/submodules/altera_reset_controller.sdc'
Info (332104): Reading SDC File: '../../../fhlow/synlayQuartus/TimingConstraints.tcl'
Info (332151): Clock uncertainty is not calculated until you update the timing netlist.
Info (332123): Deriving Clock Uncertainty. Please refer to report_sdc in the Timing Analyzer to see clock uncertainties.
Info: Found TIMING_ANALYZER_REPORT_SCRIPT_INCLUDE_DEFAULT_ANALYSIS = ON
Info: Analyzing Slow 1100mV 85C Model
Critical Warning (332148): Timing requirements not met
    Info (11105): For recommendations on closing timing, run Report Timing Closure Recommendations in the Timing Analyzer.
Info (332146): Worst-case setup slack is -2.709
    Info (332119):     Slack       End Point TNS Clock 
    Info (332119): ========= =================== =====================
    Info (332119):    -2.709           -1968.219 CLOCK_50 
Info (332146): Worst-case hold slack is 0.305
    Info (332119):     Slack       End Point TNS Clock 
    Info (332119): ========= =================== =====================
    Info (332119):     0.305               0.000 CLOCK_50 
Info (332146): Worst-case recovery slack is 1.197
    Info (332119):     Slack       End Point TNS Clock 
    Info (332119): ========= =================== =====================
    Info (332119):     1.197               0.000 CLOCK_50 
Info (332146): Worst-case removal slack is 0.596
    Info (332119):     Slack       End Point TNS Clock 
    Info (332119): ========= =================== =====================
    Info (332119):     0.596               0.000 CLOCK_50 
Info (332146): Worst-case minimum pulse width slack is 1.364
    Info (332119):     Slack       End Point TNS Clock 
    Info (332119): ========= =================== =====================
    Info (332119):     1.364               0.000 CLOCK_50 
Info (332114): Report Metastability: Found 9 synchronizer chains.
    Info (332114): Design MTBF is not calculated because the design doesn't meet its timing requirements.
Info: Analyzing Slow 1100mV 0C Model
Info (334003): Started post-fitting delay annotation
Info (334004): Delay annotation completed successfully
Info (332123): Deriving Clock Uncertainty. Please refer to report_sdc in the Timing Analyzer to see clock uncertainties.
Critical Warning (332148): Timing requirements not met
    Info (11105): For recommendations on closing timing, run Report Timing Closure Recommendations in the Timing Analyzer.
Info (332146): Worst-case setup slack is -2.646
    Info (332119):     Slack       End Point TNS Clock 
    Info (332119): ========= =================== =====================
    Info (332119):    -2.646           -1655.967 CLOCK_50 
Info (332146): Worst-case hold slack is 0.263
    Info (332119):     Slack       End Point TNS Clock 
    Info (332119): ========= =================== =====================
    Info (332119):     0.263               0.000 CLOCK_50 
Info (332146): Worst-case recovery slack is 1.307
    Info (332119):     Slack       End Point TNS Clock 
    Info (332119): ========= =================== =====================
    Info (332119):     1.307               0.000 CLOCK_50 
Info (332146): Worst-case removal slack is 0.532
    Info (332119):     Slack       End Point TNS Clock 
    Info (332119): ========= =================== =====================
    Info (332119):     0.532               0.000 CLOCK_50 
Info (332146): Worst-case minimum pulse width slack is 1.364
    Info (332119):     Slack       End Point TNS Clock 
    Info (332119): ========= =================== =====================
    Info (332119):     1.364               0.000 CLOCK_50 
Info (332114): Report Metastability: Found 9 synchronizer chains.
    Info (332114): Design MTBF is not calculated because the design doesn't meet its timing requirements.
Info: Analyzing Fast 1100mV 85C Model
Info (334003): Started post-fitting delay annotation
Info (334004): Delay annotation completed successfully
Info (332123): Deriving Clock Uncertainty. Please refer to report_sdc in the Timing Analyzer to see clock uncertainties.
Critical Warning (332148): Timing requirements not met
    Info (11105): For recommendations on closing timing, run Report Timing Closure Recommendations in the Timing Analyzer.
Info (332146): Worst-case setup slack is -0.036
    Info (332119):     Slack       End Point TNS Clock 
    Info (332119): ========= =================== =====================
    Info (332119):    -0.036              -0.036 CLOCK_50 
Info (332146): Worst-case hold slack is 0.181
    Info (332119):     Slack       End Point TNS Clock 
    Info (332119): ========= =================== =====================
    Info (332119):     0.181               0.000 CLOCK_50 
Info (332146): Worst-case recovery slack is 2.474
    Info (332119):     Slack       End Point TNS Clock 
    Info (332119): ========= =================== =====================
    Info (332119):     2.474               0.000 CLOCK_50 
Info (332146): Worst-case removal slack is 0.319
    Info (332119):     Slack       End Point TNS Clock 
    Info (332119): ========= =================== =====================
    Info (332119):     0.319               0.000 CLOCK_50 
Info (332146): Worst-case minimum pulse width slack is 0.977
    Info (332119):     Slack       End Point TNS Clock 
    Info (332119): ========= =================== =====================
    Info (332119):     0.977               0.000 CLOCK_50 
Info (332114): Report Metastability: Found 9 synchronizer chains.
    Info (332114): The design MTBF is not calculated because there are no specified synchronizers in the design.
    Info (332114): Number of Synchronizer Chains Found: 9
    Info (332114): Shortest Synchronizer Chain: 3 Registers
    Info (332114): Fraction of Chains for which MTBFs Could Not be Calculated: 1.000
    Info (332114): Worst Case Available Settling Time: 8.962 ns
    Info (332114): 
Info: Analyzing Fast 1100mV 0C Model
Info (332123): Deriving Clock Uncertainty. Please refer to report_sdc in the Timing Analyzer to see clock uncertainties.
Info (332146): Worst-case setup slack is 0.439
    Info (332119):     Slack       End Point TNS Clock 
    Info (332119): ========= =================== =====================
    Info (332119):     0.439               0.000 CLOCK_50 
Info (332146): Worst-case hold slack is 0.163
    Info (332119):     Slack       End Point TNS Clock 
    Info (332119): ========= =================== =====================
    Info (332119):     0.163               0.000 CLOCK_50 
Info (332146): Worst-case recovery slack is 2.739
    Info (332119):     Slack       End Point TNS Clock 
    Info (332119): ========= =================== =====================
    Info (332119):     2.739               0.000 CLOCK_50 
Info (332146): Worst-case removal slack is 0.264
    Info (332119):     Slack       End Point TNS Clock 
    Info (332119): ========= =================== =====================
    Info (332119):     0.264               0.000 CLOCK_50 
Info (332146): Worst-case minimum pulse width slack is 0.932
    Info (332119):     Slack       End Point TNS Clock 
    Info (332119): ========= =================== =====================
    Info (332119):     0.932               0.000 CLOCK_50 
Info (332114): Report Metastability: Found 9 synchronizer chains.
    Info (332114): The design MTBF is not calculated because there are no specified synchronizers in the design.
    Info (332114): Number of Synchronizer Chains Found: 9
    Info (332114): Shortest Synchronizer Chain: 3 Registers
    Info (332114): Fraction of Chains for which MTBFs Could Not be Calculated: 1.000
    Info (332114): Worst Case Available Settling Time: 9.489 ns
    Info (332114): 
Info (332102): Design is not fully constrained for setup requirements
Info (332102): Design is not fully constrained for hold requirements
Info: Quartus Prime Timing Analyzer was successful. 0 errors, 3 warnings
    Info: Peak virtual memory: 5193 megabytes
    Info: Processing ended: Fri May 15 21:01:52 2020
    Info: Elapsed time: 00:00:18
    Info: Total CPU time (on all processors): 00:00:24


